#
# There is insufficient memory for the Java Runtime Environment to continue.
# Native memory allocation (mmap) failed to map 79691776 bytes for committing reserved memory.
# Possible reasons:
#   The system is out of physical RAM or swap space
#   The process is running with CompressedOops enabled, and the Java Heap may be blocking the growth of the native heap
# Possible solutions:
#   Reduce memory load on the system
#   Increase physical memory or swap space
#   Check if swap backing store is full
#   Decrease Java heap size (-Xmx/-Xms)
#   Decrease number of Java threads
#   Decrease Java thread stack sizes (-Xss)
#   Set larger code cache with -XX:ReservedCodeCacheSize=
#   JVM is running with Unscaled Compressed Oops mode in which the Java heap is
#     placed in the first 4GB address space. The Java Heap base address is the
#     maximum limit for the native heap growth. Please use -XX:HeapBaseMinAddress
#     to set the Java Heap base and to place the Java Heap above 4GB virtual address.
# This output file may be truncated or incomplete.
#
#  Out of Memory Error (os_linux.cpp:2753), pid=28146, tid=0x00007fbce4650700
#
# JRE version: OpenJDK Runtime Environment (8.0_202) (build 1.8.0_202-release-1483-b49-5587405)
# Java VM: OpenJDK 64-Bit Server VM (25.202-b49-5587405 mixed mode linux-amd64 compressed oops)
# Failed to write core dump. Core dumps have been disabled. To enable core dumping, try "ulimit -c unlimited" before starting Java again
#

---------------  T H R E A D  ---------------

Current thread (0x00007fbce0078800):  VMThread [stack: 0x00007fbce4550000,0x00007fbce4651000] [id=28155]

Stack: [0x00007fbce4550000,0x00007fbce4651000],  sp=0x00007fbce464f550,  free space=1021k
Native frames: (J=compiled Java code, j=interpreted, Vv=VM code, C=native code)
V  [libjvm.so+0xa08b78]  VMError::report_and_die()+0x148
V  [libjvm.so+0x4d412a]  report_vm_out_of_memory(char const*, int, unsigned long, VMErrorType, char const*)+0x8a
V  [libjvm.so+0x870478]  os::pd_commit_memory(char*, unsigned long, unsigned long, bool)+0xd8
V  [libjvm.so+0x867f9f]  os::commit_memory(char*, unsigned long, unsigned long, bool)+0x1f
V  [libjvm.so+0x8e14eb]  PSVirtualSpace::expand_by(unsigned long)+0x5b
V  [libjvm.so+0x8e2140]  PSYoungGen::resize_generation(unsigned long, unsigned long)+0xb0
V  [libjvm.so+0x8e245b]  PSYoungGen::resize(unsigned long, unsigned long)+0x1b
V  [libjvm.so+0x8deb8e]  PSScavenge::invoke_no_policy()+0xdce
V  [libjvm.so+0x8d86b0]  PSParallelCompact::invoke(bool)+0x40
V  [libjvm.so+0x461173]  CollectedHeap::collect_as_vm_thread(GCCause::Cause)+0x143
V  [libjvm.so+0xa09f91]  VM_CollectForMetadataAllocation::doit()+0x141
V  [libjvm.so+0xa0ea17]  VM_Operation::evaluate()+0x47
V  [libjvm.so+0xa0d498]  VMThread::evaluate_operation(VM_Operation*)+0x218
V  [libjvm.so+0xa0d8d1]  VMThread::loop()+0x1f1
V  [libjvm.so+0xa0dd02]  VMThread::run()+0x72
V  [libjvm.so+0x86d652]  java_start(Thread*)+0xf2

VM_Operation (0x00007fbc94bf1b40): CollectForMetadataAllocation, mode: safepoint, requested by thread 0x00007fbc80008000


---------------  P R O C E S S  ---------------

Java Threads: ( => current thread )
  0x00007fbc7c853000 JavaThread "Cache worker for file hash cache (/home/theapache64/Documents/projects/sms-syncer/.gradle/5.4.1/fileHashes)" [_thread_blocked, id=28192, stack(0x00007fbc5fc53000,0x00007fbc5fd54000)]
  0x00007fbc7c112800 JavaThread "Cache worker for journal cache (/home/theapache64/.gradle/caches/journal-1)" [_thread_blocked, id=28189, stack(0x00007fbc942f4000,0x00007fbc943f5000)]
  0x00007fbc7c10f800 JavaThread "File lock request listener" [_thread_in_native, id=28187, stack(0x00007fbc943f5000,0x00007fbc944f6000)]
  0x00007fbc7c109000 JavaThread "Cache worker for file hash cache (/home/theapache64/.gradle/caches/5.4.1/fileHashes)" [_thread_blocked, id=28186, stack(0x00007fbc944f6000,0x00007fbc945f7000)]
  0x00007fbc7c015000 JavaThread "Thread-9" [_thread_blocked, id=28183, stack(0x00007fbc947f7000,0x00007fbc948f8000)]
  0x00007fbc7c00e800 JavaThread "Stdin handler" [_thread_blocked, id=28182, stack(0x00007fbc948f8000,0x00007fbc949f9000)]
  0x00007fbc7c00d000 JavaThread "Asynchronous log dispatcher for DefaultDaemonConnection: socket connection from /127.0.0.1:33165 to /127.0.0.1:37284" [_thread_blocked, id=28181, stack(0x00007fbc949f9000,0x00007fbc94afa000)]
  0x00007fbc80008000 JavaThread "Daemon worker" [_thread_blocked, id=28178, stack(0x00007fbc94afa000,0x00007fbc94bfb000)]
  0x00007fbc80006000 JavaThread "Cancel handler" [_thread_blocked, id=28177, stack(0x00007fbc94bfb000,0x00007fbc94cfc000)]
  0x00007fbc80003800 JavaThread "Handler for socket connection from /127.0.0.1:33165 to /127.0.0.1:37284" [_thread_in_native, id=28176, stack(0x00007fbc94cfc000,0x00007fbc94dfd000)]
  0x00007fbc8802d000 JavaThread "Daemon" [_thread_blocked, id=28175, stack(0x00007fbc94dfd000,0x00007fbc94efe000)]
  0x00007fbce023f000 JavaThread "Daemon periodic checks" [_thread_blocked, id=28174, stack(0x00007fbc94efe000,0x00007fbc94fff000)]
  0x00007fbce01f1000 JavaThread "Incoming local TCP Connector on port 33165" [_thread_in_native, id=28173, stack(0x00007fbccc042000,0x00007fbccc143000)]
  0x00007fbce10d0000 JavaThread "Daemon health stats" [_thread_blocked, id=28172, stack(0x00007fbccc347000,0x00007fbccc448000)]
  0x00007fbce00c0800 JavaThread "Service Thread" daemon [_thread_blocked, id=28165, stack(0x00007fbccd43f000,0x00007fbccd540000)]
  0x00007fbce00bd000 JavaThread "C1 CompilerThread2" daemon [_thread_blocked, id=28164, stack(0x00007fbccd540000,0x00007fbccd641000)]
  0x00007fbce00bb800 JavaThread "C2 CompilerThread1" daemon [_thread_blocked, id=28163, stack(0x00007fbce404b000,0x00007fbce414c000)]
  0x00007fbce00b8800 JavaThread "C2 CompilerThread0" daemon [_thread_blocked, id=28162, stack(0x00007fbce414c000,0x00007fbce424d000)]
  0x00007fbce00b7000 JavaThread "Signal Dispatcher" daemon [_thread_blocked, id=28161, stack(0x00007fbce424d000,0x00007fbce434e000)]
  0x00007fbce0084800 JavaThread "Finalizer" daemon [_thread_blocked, id=28157, stack(0x00007fbce434e000,0x00007fbce444f000)]
  0x00007fbce0082000 JavaThread "Reference Handler" daemon [_thread_blocked, id=28156, stack(0x00007fbce444f000,0x00007fbce4550000)]
  0x00007fbce000a800 JavaThread "main" [_thread_blocked, id=28149, stack(0x00007fbce93fe000,0x00007fbce94ff000)]

Other Threads:
=>0x00007fbce0078800 VMThread [stack: 0x00007fbce4550000,0x00007fbce4651000] [id=28155]
  0x00007fbce00c2800 WatcherThread [stack: 0x00007fbccd33e000,0x00007fbccd43f000] [id=28166]

VM state:at safepoint (normal execution)

VM Mutex/Monitor currently owned by a thread:  ([mutex/lock_event])
[0x00007fbce0007070] Threads_lock - owner thread: 0x00007fbce0078800
[0x00007fbce0007570] Heap_lock - owner thread: 0x00007fbc80008000

heap address: 0x00000000a0000000, size: 1536 MB, Compressed Oops mode: 32-bit
Narrow klass base: 0x0000000000000000, Narrow klass shift: 3
Compressed class space size: 1073741824 Address: 0x0000000100000000

Heap:
 PSYoungGen      total 68608K, used 5108K [0x00000000e0000000, 0x00000000e4800000, 0x0000000100000000)
  eden space 63488K, 0% used [0x00000000e0000000,0x00000000e0000000,0x00000000e3e00000)
  from space 5120K, 99% used [0x00000000e3e00000,0x00000000e42fd050,0x00000000e4300000)
  to   space 5120K, 0% used [0x00000000e4300000,0x00000000e4300000,0x00000000e4800000)
 ParOldGen       total 84992K, used 10830K [0x00000000a0000000, 0x00000000a5300000, 0x00000000e0000000)
  object space 84992K, 12% used [0x00000000a0000000,0x00000000a0a93940,0x00000000a5300000)
 Metaspace       used 20675K, capacity 21162K, committed 21296K, reserved 1067008K
  class space    used 2960K, capacity 3122K, committed 3200K, reserved 1048576K

Card table byte_map: [0x00007fbce69d9000,0x00007fbce6cda000] byte_map_base: 0x00007fbce64d9000

Marking Bits: (ParMarkBitMap*) 0x00007fbce8af6920
 Begin Bits: [0x00007fbcce000000, 0x00007fbccf800000)
 End Bits:   [0x00007fbccf800000, 0x00007fbcd1000000)

Polling page: 0x00007fbce9525000

CodeCache: size=245760Kb used=5781Kb max_used=5788Kb free=239978Kb
 bounds [0x00007fbcd1000000, 0x00007fbcd15b0000, 0x00007fbce0000000]
 total_blobs=2135 nmethods=1729 adapters=320
 compilation: enabled

Compilation events (10 events):
Event: 6.439 Thread 0x00007fbce00bd000 1713       1       java.lang.ClassValue::version (5 bytes)
Event: 6.439 Thread 0x00007fbce00bd000 nmethod 1713 0x00007fbcd15a3850 code [0x00007fbcd15a39a0, 0x00007fbcd15a3ab0]
Event: 6.459 Thread 0x00007fbce00b8800 nmethod 1709 0x00007fbcd15aa290 code [0x00007fbcd15aa3e0, 0x00007fbcd15aa478]
Event: 6.460 Thread 0x00007fbce00bb800 nmethod 1701 0x00007fbcd15aa510 code [0x00007fbcd15aa740, 0x00007fbcd15ab5b0]
Event: 6.536 Thread 0x00007fbce00bd000 1729       3       java.lang.Class::copyMethods (36 bytes)
Event: 6.768 Thread 0x00007fbce00bd000 nmethod 1729 0x00007fbcd15a9190 code [0x00007fbcd15a9380, 0x00007fbcd15a9d78]
Event: 6.787 Thread 0x00007fbce00bd000 1731       3       java.lang.Class::privateGetMethodRecursive (130 bytes)
Event: 6.987 Thread 0x00007fbce00bd000 nmethod 1731 0x00007fbcd15a82d0 code [0x00007fbcd15a84e0, 0x00007fbcd15a8db8]
Event: 7.010 Thread 0x00007fbce00bd000 1730       3       java.lang.Class::getMethod0 (40 bytes)
Event: 7.152 Thread 0x00007fbce00bd000 nmethod 1730 0x00007fbcd15a78d0 code [0x00007fbcd15a7a80, 0x00007fbcd15a7d98]

GC Heap History (9 events):
Event: 1.131 GC heap before
{Heap before GC invocations=1 (full 0):
 PSYoungGen      total 36864K, used 31744K [0x00000000e0000000, 0x00000000e2900000, 0x0000000100000000)
  eden space 31744K, 100% used [0x00000000e0000000,0x00000000e1f00000,0x00000000e1f00000)
  from space 5120K, 0% used [0x00000000e2400000,0x00000000e2400000,0x00000000e2900000)
  to   space 5120K, 0% used [0x00000000e1f00000,0x00000000e1f00000,0x00000000e2400000)
 ParOldGen       total 84992K, used 0K [0x00000000a0000000, 0x00000000a5300000, 0x00000000e0000000)
  object space 84992K, 0% used [0x00000000a0000000,0x00000000a0000000,0x00000000a5300000)
 Metaspace       used 6835K, capacity 7024K, committed 7296K, reserved 1056768K
  class space    used 841K, capacity 876K, committed 896K, reserved 1048576K
Event: 1.139 GC heap after
Heap after GC invocations=1 (full 0):
 PSYoungGen      total 36864K, used 4102K [0x00000000e0000000, 0x00000000e2900000, 0x0000000100000000)
  eden space 31744K, 0% used [0x00000000e0000000,0x00000000e0000000,0x00000000e1f00000)
  from space 5120K, 80% used [0x00000000e1f00000,0x00000000e2301bf0,0x00000000e2400000)
  to   space 5120K, 0% used [0x00000000e2400000,0x00000000e2400000,0x00000000e2900000)
 ParOldGen       total 84992K, used 8K [0x00000000a0000000, 0x00000000a5300000, 0x00000000e0000000)
  object space 84992K, 0% used [0x00000000a0000000,0x00000000a0002000,0x00000000a5300000)
 Metaspace       used 6835K, capacity 7024K, committed 7296K, reserved 1056768K
  class space    used 841K, capacity 876K, committed 896K, reserved 1048576K
}
Event: 1.518 GC heap before
{Heap before GC invocations=2 (full 0):
 PSYoungGen      total 36864K, used 35846K [0x00000000e0000000, 0x00000000e2900000, 0x0000000100000000)
  eden space 31744K, 100% used [0x00000000e0000000,0x00000000e1f00000,0x00000000e1f00000)
  from space 5120K, 80% used [0x00000000e1f00000,0x00000000e2301bf0,0x00000000e2400000)
  to   space 5120K, 0% used [0x00000000e2400000,0x00000000e2400000,0x00000000e2900000)
 ParOldGen       total 84992K, used 8K [0x00000000a0000000, 0x00000000a5300000, 0x00000000e0000000)
  object space 84992K, 0% used [0x00000000a0000000,0x00000000a0002000,0x00000000a5300000)
 Metaspace       used 8877K, capacity 9118K, committed 9216K, reserved 1056768K
  class space    used 1165K, capacity 1229K, committed 1280K, reserved 1048576K
Event: 1.522 GC heap after
Heap after GC invocations=2 (full 0):
 PSYoungGen      total 36864K, used 4417K [0x00000000e0000000, 0x00000000e2900000, 0x0000000100000000)
  eden space 31744K, 0% used [0x00000000e0000000,0x00000000e0000000,0x00000000e1f00000)
  from space 5120K, 86% used [0x00000000e2400000,0x00000000e2850600,0x00000000e2900000)
  to   space 5120K, 0% used [0x00000000e1f00000,0x00000000e1f00000,0x00000000e2400000)
 ParOldGen       total 84992K, used 16K [0x00000000a0000000, 0x00000000a5300000, 0x00000000e0000000)
  object space 84992K, 0% used [0x00000000a0000000,0x00000000a0004000,0x00000000a5300000)
 Metaspace       used 8877K, capacity 9118K, committed 9216K, reserved 1056768K
  class space    used 1165K, capacity 1229K, committed 1280K, reserved 1048576K
}
Event: 1.835 GC heap before
{Heap before GC invocations=3 (full 0):
 PSYoungGen      total 36864K, used 36161K [0x00000000e0000000, 0x00000000e2900000, 0x0000000100000000)
  eden space 31744K, 100% used [0x00000000e0000000,0x00000000e1f00000,0x00000000e1f00000)
  from space 5120K, 86% used [0x00000000e2400000,0x00000000e2850600,0x00000000e2900000)
  to   space 5120K, 0% used [0x00000000e1f00000,0x00000000e1f00000,0x00000000e2400000)
 ParOldGen       total 84992K, used 16K [0x00000000a0000000, 0x00000000a5300000, 0x00000000e0000000)
  object space 84992K, 0% used [0x00000000a0000000,0x00000000a0004000,0x00000000a5300000)
 Metaspace       used 12871K, capacity 13208K, committed 13568K, reserved 1060864K
  class space    used 1792K, capacity 1932K, committed 2048K, reserved 1048576K
Event: 1.841 GC heap after
Heap after GC invocations=3 (full 0):
 PSYoungGen      total 36864K, used 5106K [0x00000000e0000000, 0x00000000e4800000, 0x0000000100000000)
  eden space 31744K, 0% used [0x00000000e0000000,0x00000000e0000000,0x00000000e1f00000)
  from space 5120K, 99% used [0x00000000e1f00000,0x00000000e23fca80,0x00000000e2400000)
  to   space 5120K, 0% used [0x00000000e4300000,0x00000000e4300000,0x00000000e4800000)
 ParOldGen       total 84992K, used 1708K [0x00000000a0000000, 0x00000000a5300000, 0x00000000e0000000)
  object space 84992K, 2% used [0x00000000a0000000,0x00000000a01ab0a0,0x00000000a5300000)
 Metaspace       used 12871K, capacity 13208K, committed 13568K, reserved 1060864K
  class space    used 1792K, capacity 1932K, committed 2048K, reserved 1048576K
}
Event: 2.158 GC heap before
{Heap before GC invocations=4 (full 0):
 PSYoungGen      total 36864K, used 36850K [0x00000000e0000000, 0x00000000e4800000, 0x0000000100000000)
  eden space 31744K, 100% used [0x00000000e0000000,0x00000000e1f00000,0x00000000e1f00000)
  from space 5120K, 99% used [0x00000000e1f00000,0x00000000e23fca80,0x00000000e2400000)
  to   space 5120K, 0% used [0x00000000e4300000,0x00000000e4300000,0x00000000e4800000)
 ParOldGen       total 84992K, used 1708K [0x00000000a0000000, 0x00000000a5300000, 0x00000000e0000000)
  object space 84992K, 2% used [0x00000000a0000000,0x00000000a01ab0a0,0x00000000a5300000)
 Metaspace       used 15639K, capacity 16040K, committed 16256K, reserved 1062912K
  class space    used 2242K, capacity 2390K, committed 2432K, reserved 1048576K
Event: 2.170 GC heap after
Heap after GC invocations=4 (full 0):
 PSYoungGen      total 68608K, used 5095K [0x00000000e0000000, 0x00000000e4800000, 0x0000000100000000)
  eden space 63488K, 0% used [0x00000000e0000000,0x00000000e0000000,0x00000000e3e00000)
  from space 5120K, 99% used [0x00000000e4300000,0x00000000e47f9d00,0x00000000e4800000)
  to   space 5120K, 0% used [0x00000000e3e00000,0x00000000e3e00000,0x00000000e4300000)
 ParOldGen       total 84992K, used 4583K [0x00000000a0000000, 0x00000000a5300000, 0x00000000e0000000)
  object space 84992K, 5% used [0x00000000a0000000,0x00000000a0479d18,0x00000000a5300000)
 Metaspace       used 15639K, capacity 16040K, committed 16256K, reserved 1062912K
  class space    used 2242K, capacity 2390K, committed 2432K, reserved 1048576K
}
Event: 7.334 GC heap before
{Heap before GC invocations=5 (full 0):
 PSYoungGen      total 68608K, used 56134K [0x00000000e0000000, 0x00000000e4800000, 0x0000000100000000)
  eden space 63488K, 80% used [0x00000000e0000000,0x00000000e31d7de8,0x00000000e3e00000)
  from space 5120K, 99% used [0x00000000e4300000,0x00000000e47f9d00,0x00000000e4800000)
  to   space 5120K, 0% used [0x00000000e3e00000,0x00000000e3e00000,0x00000000e4300000)
 ParOldGen       total 84992K, used 4583K [0x00000000a0000000, 0x00000000a5300000, 0x00000000e0000000)
  object space 84992K, 5% used [0x00000000a0000000,0x00000000a0479d18,0x00000000a5300000)
 Metaspace       used 20675K, capacity 21162K, committed 21296K, reserved 1067008K
  class space    used 2960K, capacity 3122K, committed 3200K, reserved 1048576K

Deoptimization events (10 events):
Event: 3.318 Thread 0x00007fbc80008000 Uncommon trap: reason=bimorphic action=maybe_recompile pc=0x00007fbcd14e1a1c method=java.lang.ClassLoader.getPackage(Ljava/lang/String;)Ljava/lang/Package; @ 47
Event: 3.323 Thread 0x00007fbc80008000 Uncommon trap: reason=unstable_if action=reinterpret pc=0x00007fbcd14e1510 method=java.net.URLClassLoader.getAndVerifyPackage(Ljava/lang/String;Ljava/util/jar/Manifest;Ljava/net/URL;)Ljava/lang/Package; @ 62
Event: 4.523 Thread 0x00007fbc80008000 Uncommon trap: reason=unstable_if action=reinterpret pc=0x00007fbcd121e21c method=java.io.UnixFileSystem.normalize(Ljava/lang/String;)Ljava/lang/String; @ 60
Event: 4.572 Thread 0x00007fbc80008000 Uncommon trap: reason=class_check action=maybe_recompile pc=0x00007fbcd11e3c74 method=sun.misc.URLClassPath.getLoader(I)Lsun/misc/URLClassPath$Loader; @ 94
Event: 4.575 Thread 0x00007fbc80008000 Uncommon trap: reason=class_check action=maybe_recompile pc=0x00007fbcd12f78ec method=sun.misc.URLClassPath.getResource(Ljava/lang/String;Z)Lsun/misc/Resource; @ 62
Event: 4.640 Thread 0x00007fbc80008000 Uncommon trap: reason=unstable_if action=reinterpret pc=0x00007fbcd1531724 method=java.lang.ClassLoader.getClassLoadingLock(Ljava/lang/String;)Ljava/lang/Object; @ 6
Event: 5.146 Thread 0x00007fbc80008000 Uncommon trap: reason=bimorphic action=maybe_recompile pc=0x00007fbcd1507580 method=java.io.BufferedInputStream.read([BII)I @ 101
Event: 5.147 Thread 0x00007fbc80008000 Uncommon trap: reason=bimorphic action=maybe_recompile pc=0x00007fbcd1507580 method=java.io.BufferedInputStream.read([BII)I @ 101
Event: 5.147 Thread 0x00007fbc80008000 Uncommon trap: reason=bimorphic action=maybe_recompile pc=0x00007fbcd1507580 method=java.io.BufferedInputStream.read([BII)I @ 101
Event: 5.147 Thread 0x00007fbc80008000 Uncommon trap: reason=bimorphic action=maybe_recompile pc=0x00007fbcd1507580 method=java.io.BufferedInputStream.read([BII)I @ 101

Classes redefined (0 events):
No events

Internal exceptions (10 events):
Event: 3.711 Thread 0x00007fbc80008000 Exception <a 'java/lang/NoSuchMethodError': <clinit>> (0x00000000e1de6760) thrown at [/usr/local/google/buildbot/src/googleplex-android/openjdk/out/hotspot/src/share/vm/prims/jni.cpp, line 1614]
Event: 3.711 Thread 0x00007fbc80008000 Exception <a 'java/lang/NoSuchMethodError': <clinit>> (0x00000000e1df3508) thrown at [/usr/local/google/buildbot/src/googleplex-android/openjdk/out/hotspot/src/share/vm/prims/jni.cpp, line 1614]
Event: 3.712 Thread 0x00007fbc80008000 Exception <a 'java/lang/NoSuchMethodError': <clinit>> (0x00000000e1dfcf10) thrown at [/usr/local/google/buildbot/src/googleplex-android/openjdk/out/hotspot/src/share/vm/prims/jni.cpp, line 1614]
Event: 3.712 Thread 0x00007fbc80008000 Exception <a 'java/lang/NoSuchMethodError': <clinit>> (0x00000000e1e073c8) thrown at [/usr/local/google/buildbot/src/googleplex-android/openjdk/out/hotspot/src/share/vm/prims/jni.cpp, line 1614]
Event: 3.712 Thread 0x00007fbc80008000 Exception <a 'java/lang/NoSuchMethodError': <clinit>> (0x00000000e1e10cd8) thrown at [/usr/local/google/buildbot/src/googleplex-android/openjdk/out/hotspot/src/share/vm/prims/jni.cpp, line 1614]
Event: 3.735 Thread 0x00007fbc80008000 Exception <a 'java/lang/NoSuchMethodError': <clinit>> (0x00000000e1edf7e0) thrown at [/usr/local/google/buildbot/src/googleplex-android/openjdk/out/hotspot/src/share/vm/prims/jni.cpp, line 1614]
Event: 3.735 Thread 0x00007fbc80008000 Exception <a 'java/lang/NoSuchMethodError': <clinit>> (0x00000000e1ee36a8) thrown at [/usr/local/google/buildbot/src/googleplex-android/openjdk/out/hotspot/src/share/vm/prims/jni.cpp, line 1614]
Event: 3.735 Thread 0x00007fbc80008000 Exception <a 'java/lang/NoSuchMethodError': <clinit>> (0x00000000e1ee5130) thrown at [/usr/local/google/buildbot/src/googleplex-android/openjdk/out/hotspot/src/share/vm/prims/jni.cpp, line 1614]
Event: 3.735 Thread 0x00007fbc80008000 Exception <a 'java/lang/NoSuchMethodError': <clinit>> (0x00000000e1ee6880) thrown at [/usr/local/google/buildbot/src/googleplex-android/openjdk/out/hotspot/src/share/vm/prims/jni.cpp, line 1614]
Event: 3.735 Thread 0x00007fbc80008000 Exception <a 'java/lang/NoSuchMethodError': <clinit>> (0x00000000e1ee7e80) thrown at [/usr/local/google/buildbot/src/googleplex-android/openjdk/out/hotspot/src/share/vm/prims/jni.cpp, line 1614]

Events (10 events):
Event: 7.257 loading class org/codehaus/groovy/runtime/dgmimpl/arrays/FloatArrayPutAtMetaMethod done
Event: 7.257 loading class org/codehaus/groovy/runtime/dgmimpl/arrays/DoubleArrayGetAtMetaMethod
Event: 7.257 loading class org/codehaus/groovy/runtime/dgmimpl/arrays/DoubleArrayGetAtMetaMethod done
Event: 7.257 loading class org/codehaus/groovy/runtime/dgmimpl/arrays/DoubleArrayPutAtMetaMethod
Event: 7.257 loading class org/codehaus/groovy/runtime/dgmimpl/arrays/DoubleArrayPutAtMetaMethod done
Event: 7.257 loading class org/codehaus/groovy/runtime/EncodingGroovyMethods
Event: 7.257 loading class org/codehaus/groovy/runtime/EncodingGroovyMethods done
Event: 7.273 loading class org/codehaus/groovy/runtime/IOGroovyMethods
Event: 7.273 loading class org/codehaus/groovy/runtime/IOGroovyMethods done
Event: 7.295 Executing VM operation: CollectForMetadataAllocation


Dynamic libraries:
00400000-00401000 r-xp 00000000 08:11 20973871                           /opt/android-studio/jre/bin/java
00401000-00402000 rw-p 00000000 08:11 20973871                           /opt/android-studio/jre/bin/java
009ee000-00a0f000 rw-p 00000000 00:00 0                                  [heap]
a0000000-a5300000 rw-p 00000000 00:00 0 
a5300000-e0000000 ---p 00000000 00:00 0 
e0000000-e4800000 rw-p 00000000 00:00 0 
e9400000-100000000 ---p 00000000 00:00 0 
100000000-100320000 rw-p 00000000 00:00 0 
100320000-140000000 ---p 00000000 00:00 0 
7fbc58000000-7fbc58021000 rw-p 00000000 00:00 0 
7fbc58021000-7fbc5c000000 ---p 00000000 00:00 0 
7fbc5f2d6000-7fbc5f482000 rw-p 00000000 00:00 0 
7fbc5f482000-7fbc5f4d6000 ---p 00000000 00:00 0 
7fbc5f4d6000-7fbc5f7e1000 r--s 029d3000 08:11 17305529                   /home/theapache64/.gradle/caches/jars-3/94264dac5c2fc3832a782f6ac36c712c/kotlin-plugin.jar
7fbc5f7e1000-7fbc5fa53000 r--s 01914000 08:11 20974101                   /home/theapache64/.gradle/caches/jars-3/0a28c8704832800a117c175dfe23a0f3/gradle-api-impldep-4.10.3.jar
7fbc5fa53000-7fbc5fc53000 rw-p 00000000 00:00 0 
7fbc5fc53000-7fbc5fc56000 ---p 00000000 00:00 0 
7fbc5fc56000-7fbc5fd54000 rw-p 00000000 00:00 0 
7fbc5fea5000-7fbc60000000 r--s 00bb0000 08:11 20974099                   /home/theapache64/.gradle/caches/jars-3/8c0c682498be444601f9083c4f1918be/gradle-api-4.10.3.jar
7fbc60000000-7fbc60021000 rw-p 00000000 00:00 0 
7fbc60021000-7fbc64000000 ---p 00000000 00:00 0 
7fbc64000000-7fbc64021000 rw-p 00000000 00:00 0 
7fbc64021000-7fbc68000000 ---p 00000000 00:00 0 
7fbc68000000-7fbc68021000 rw-p 00000000 00:00 0 
7fbc68021000-7fbc6c000000 ---p 00000000 00:00 0 
7fbc6c000000-7fbc6c021000 rw-p 00000000 00:00 0 
7fbc6c021000-7fbc70000000 ---p 00000000 00:00 0 
7fbc70000000-7fbc702c2000 rw-p 00000000 00:00 0 
7fbc702c2000-7fbc74000000 ---p 00000000 00:00 0 
7fbc74000000-7fbc74021000 rw-p 00000000 00:00 0 
7fbc74021000-7fbc78000000 ---p 00000000 00:00 0 
7fbc78000000-7fbc78021000 rw-p 00000000 00:00 0 
7fbc78021000-7fbc7c000000 ---p 00000000 00:00 0 
7fbc7c000000-7fbc7ce0f000 rw-p 00000000 00:00 0 
7fbc7ce0f000-7fbc80000000 ---p 00000000 00:00 0 
7fbc80000000-7fbc80021000 rw-p 00000000 00:00 0 
7fbc80021000-7fbc84000000 ---p 00000000 00:00 0 
7fbc84000000-7fbc84028000 rw-p 00000000 00:00 0 
7fbc84028000-7fbc88000000 ---p 00000000 00:00 0 
7fbc88000000-7fbc88069000 rw-p 00000000 00:00 0 
7fbc88069000-7fbc8c000000 ---p 00000000 00:00 0 
7fbc8c000000-7fbc8c021000 rw-p 00000000 00:00 0 
7fbc8c021000-7fbc90000000 ---p 00000000 00:00 0 
7fbc90000000-7fbc90021000 rw-p 00000000 00:00 0 
7fbc90021000-7fbc94000000 ---p 00000000 00:00 0 
7fbc94052000-7fbc94053000 r--s 00003000 08:11 17305535                   /home/theapache64/.gradle/caches/jars-3/1517eb22fc9df58a296a36638701b06a/sam-with-receiver-ide-plugin.jar
7fbc94053000-7fbc94066000 r--s 0010e000 08:11 20974123                   /home/theapache64/.gradle/caches/jars-3/c7957d0be38f803bd922ec482762f65f/kotlin-stdlib-1.3.11.jar
7fbc94066000-7fbc9407a000 r--s 00130000 08:11 17305531                   /home/theapache64/.gradle/caches/jars-3/e7617dab25c4d86472e073cd6ed41284/kotlin-stdlib.jar
7fbc9407a000-7fbc940f4000 r--s 01102000 08:11 20973865                   /opt/android-studio/jre/lib/tools.jar
7fbc940f4000-7fbc942f4000 rw-p 00000000 00:00 0 
7fbc942f4000-7fbc942f7000 ---p 00000000 00:00 0 
7fbc942f7000-7fbc943f5000 rw-p 00000000 00:00 0 
7fbc943f5000-7fbc943f8000 ---p 00000000 00:00 0 
7fbc943f8000-7fbc944f6000 rw-p 00000000 00:00 0 
7fbc944f6000-7fbc944f9000 ---p 00000000 00:00 0 
7fbc944f9000-7fbc947f7000 rw-p 00000000 00:00 0 
7fbc947f7000-7fbc947fa000 ---p 00000000 00:00 0 
7fbc947fa000-7fbc948f8000 rw-p 00000000 00:00 0 
7fbc948f8000-7fbc948fb000 ---p 00000000 00:00 0 
7fbc948fb000-7fbc949f9000 rw-p 00000000 00:00 0 
7fbc949f9000-7fbc949fc000 ---p 00000000 00:00 0 
7fbc949fc000-7fbc94afa000 rw-p 00000000 00:00 0 
7fbc94afa000-7fbc94afd000 ---p 00000000 00:00 0 
7fbc94afd000-7fbc94bfb000 rw-p 00000000 00:00 0 
7fbc94bfb000-7fbc94bfe000 ---p 00000000 00:00 0 
7fbc94bfe000-7fbc94cfc000 rw-p 00000000 00:00 0 
7fbc94cfc000-7fbc94cff000 ---p 00000000 00:00 0 
7fbc94cff000-7fbc94dfd000 rw-p 00000000 00:00 0 
7fbc94dfd000-7fbc94e00000 ---p 00000000 00:00 0 
7fbc94e00000-7fbc94efe000 rw-p 00000000 00:00 0 
7fbc94efe000-7fbc94f01000 ---p 00000000 00:00 0 
7fbc94f01000-7fbc98000000 rw-p 00000000 00:00 0 
7fbc98000000-7fbc98021000 rw-p 00000000 00:00 0 
7fbc98021000-7fbc9c000000 ---p 00000000 00:00 0 
7fbc9c000000-7fbc9c021000 rw-p 00000000 00:00 0 
7fbc9c021000-7fbca0000000 ---p 00000000 00:00 0 
7fbca0000000-7fbca21be000 rw-p 00000000 00:00 0 
7fbca21be000-7fbca4000000 ---p 00000000 00:00 0 
7fbca4000000-7fbca461f000 rw-p 00000000 00:00 0 
7fbca461f000-7fbca8000000 ---p 00000000 00:00 0 
7fbca8000000-7fbca8021000 rw-p 00000000 00:00 0 
7fbca8021000-7fbcac000000 ---p 00000000 00:00 0 
7fbcac000000-7fbcad888000 rw-p 00000000 00:00 0 
7fbcad888000-7fbcb0000000 ---p 00000000 00:00 0 
7fbcb0000000-7fbcb0021000 rw-p 00000000 00:00 0 
7fbcb0021000-7fbcb4000000 ---p 00000000 00:00 0 
7fbcb4000000-7fbcb4021000 rw-p 00000000 00:00 0 
7fbcb4021000-7fbcb8000000 ---p 00000000 00:00 0 
7fbcb8000000-7fbcb8021000 rw-p 00000000 00:00 0 
7fbcb8021000-7fbcbc000000 ---p 00000000 00:00 0 
7fbcbc000000-7fbcbc2c3000 rw-p 00000000 00:00 0 
7fbcbc2c3000-7fbcc0000000 ---p 00000000 00:00 0 
7fbcc0000000-7fbcc0021000 rw-p 00000000 00:00 0 
7fbcc0021000-7fbcc4000000 ---p 00000000 00:00 0 
7fbcc4000000-7fbcc4021000 rw-p 00000000 00:00 0 
7fbcc4021000-7fbcc8000000 ---p 00000000 00:00 0 
7fbcc8000000-7fbcc8021000 rw-p 00000000 00:00 0 
7fbcc8021000-7fbccc000000 ---p 00000000 00:00 0 
7fbccc000000-7fbccc002000 r--s 00003000 08:11 17305533                   /home/theapache64/.gradle/caches/jars-3/00165ee3c45845653801be8b30af2cc8/noarg-ide-plugin.jar
7fbccc002000-7fbccc003000 r--s 00003000 08:11 17305527                   /home/theapache64/.gradle/caches/jars-3/2dd8fac3efe15084dd255f3a8c325664/allopen-ide-plugin.jar
7fbccc003000-7fbccc004000 r--s 00005000 08:11 17305525                   /home/theapache64/.gradle/caches/jars-3/db0750b74c08d2405a2c4dc57ed79ac2/kapt3-idea.jar
7fbccc004000-7fbccc005000 r--s 00000000 08:11 16519094                   /home/theapache64/.gradle/caches/jars-3/497c99dc43ce8fece95d0e589f2459bd/gradle-appengine-builder-model-0.1.0.jar
7fbccc005000-7fbccc02d000 r--s 0210b000 08:11 17305523                   /home/theapache64/.gradle/caches/jars-3/e38dc040d6e4fd07c2aa18e83056c448/sdk-tools.jar
7fbccc02d000-7fbccc031000 r--s 0004b000 08:11 17305521                   /home/theapache64/.gradle/caches/jars-3/56b50180bc2b7d3dd930da3f92c3eccd/android-extensions-ide.jar
7fbccc031000-7fbccc034000 r--s 0001e000 08:11 17305515                   /home/theapache64/.gradle/caches/jars-3/240cef9a0b47e3ec95edd1d258a4b8aa/kotlin-gradle-tooling.jar
7fbccc034000-7fbccc038000 r--s 0007a000 08:11 17305507                   /home/theapache64/.gradle/caches/jars-3/858874f0a8914761348b166943462b87/gradle-tooling-extension-impl.jar
7fbccc038000-7fbccc039000 r--s 00003000 08:11 17305503                   /home/theapache64/.gradle/caches/jars-3/bbd0ec0a9a69a5b027928f845bab1eb4/external-system-rt.jar
7fbccc039000-7fbccc03b000 r--s 00010000 08:11 17305501                   /home/theapache64/.gradle/caches/jars-3/45e78b2e0d233d36eda86424ed34e6e3/gradle-tooling-extension-api.jar
7fbccc03b000-7fbccc042000 r--s 00000000 08:11 7604912                    /usr/lib/x86_64-linux-gnu/gconv/gconv-modules.cache
7fbccc042000-7fbccc045000 ---p 00000000 00:00 0 
7fbccc045000-7fbccc143000 rw-p 00000000 00:00 0 
7fbccc143000-7fbccc147000 r--s 000a1000 08:11 20974016                   /opt/android-studio/jre/jre/lib/jsse.jar
7fbccc147000-7fbccc347000 rw-p 00000000 00:00 0 
7fbccc347000-7fbccc34a000 ---p 00000000 00:00 0 
7fbccc34a000-7fbccc448000 rw-p 00000000 00:00 0 
7fbccc448000-7fbccc450000 r-xp 00000000 08:11 20973961                   /opt/android-studio/jre/jre/lib/amd64/libmanagement.so
7fbccc450000-7fbccc451000 rw-p 00007000 08:11 20973961                   /opt/android-studio/jre/jre/lib/amd64/libmanagement.so
7fbccc451000-7fbccc453000 r--s 0000f000 08:11 17437139                   /home/theapache64/.gradle/wrapper/dists/gradle-5.4.1-all/3221gyojl5jsh0helicew7rwx/gradle-5.4.1/lib/plugins/gradle-tooling-api-builders-5.4.1.jar
7fbccc453000-7fbccc454000 r--s 00005000 08:11 17437160                   /home/theapache64/.gradle/wrapper/dists/gradle-5.4.1-all/3221gyojl5jsh0helicew7rwx/gradle-5.4.1/lib/plugins/gradle-build-profile-5.4.1.jar
7fbccc454000-7fbccc456000 r--s 00003000 08:11 17437119                   /home/theapache64/.gradle/wrapper/dists/gradle-5.4.1-all/3221gyojl5jsh0helicew7rwx/gradle-5.4.1/lib/plugins/gradle-tooling-native-5.4.1.jar
7fbccc456000-7fbccc45a000 r--s 00017000 08:11 17437121                   /home/theapache64/.gradle/wrapper/dists/gradle-5.4.1-all/3221gyojl5jsh0helicew7rwx/gradle-5.4.1/lib/plugins/gradle-testing-native-5.4.1.jar
7fbccc45a000-7fbccc45c000 r--s 0000f000 08:11 17437217                   /home/theapache64/.gradle/wrapper/dists/gradle-5.4.1-all/3221gyojl5jsh0helicew7rwx/gradle-5.4.1/lib/plugins/jcommander-1.72.jar
7fbccc45c000-7fbccc465000 r--s 00089000 08:11 17437193                   /home/theapache64/.gradle/wrapper/dists/gradle-5.4.1-all/3221gyojl5jsh0helicew7rwx/gradle-5.4.1/lib/plugins/testng-6.3.1.jar
7fbccc465000-7fbccc46a000 r--s 0005a000 08:11 17437197                   /home/theapache64/.gradle/wrapper/dists/gradle-5.4.1-all/3221gyojl5jsh0helicew7rwx/gradle-5.4.1/lib/plugins/bsh-2.0b6.jar
7fbccc46a000-7fbccc46e000 r--s 0001c000 08:11 17437140                   /home/theapache64/.gradle/wrapper/dists/gradle-5.4.1-all/3221gyojl5jsh0helicew7rwx/gradle-5.4.1/lib/plugins/gradle-testing-jvm-5.4.1.jar
7fbccc46e000-7fbccc471000 r--s 00011000 08:11 17437235                   /home/theapache64/.gradle/wrapper/dists/gradle-5.4.1-all/3221gyojl5jsh0helicew7rwx/gradle-5.4.1/lib/plugins/junit-platform-commons-1.3.1.jar
7fbccc471000-7fbccc472000 r--s 00001000 08:11 17437237                   /home/theapache64/.gradle/wrapper/dists/gradle-5.4.1-all/3221gyojl5jsh0helicew7rwx/gradle-5.4.1/lib/plugins/opentest4j-1.1.1.jar
7fbccc472000-7fbccc476000 r--s 0001d000 08:11 17437234                   /home/theapache64/.gradle/wrapper/dists/gradle-5.4.1-all/3221gyojl5jsh0helicew7rwx/gradle-5.4.1/lib/plugins/junit-platform-engine-1.3.1.jar
7fbccc476000-7fbccc477000 r--s 00000000 08:11 17437236                   /home/theapache64/.gradle/wrapper/dists/gradle-5.4.1-all/3221gyojl5jsh0helicew7rwx/gradle-5.4.1/lib/plugins/apiguardian-api-1.0.0.jar
7fbccc477000-7fbccc47a000 r--s 00015000 08:11 17437198                   /home/theapache64/.gradle/wrapper/dists/gradle-5.4.1-all/3221gyojl5jsh0helicew7rwx/gradle-5.4.1/lib/plugins/junit-platform-launcher-1.3.1.jar
7fbccc47a000-7fbccc47c000 r--s 00009000 08:11 17437215                   /home/theapache64/.gradle/wrapper/dists/gradle-5.4.1-all/3221gyojl5jsh0helicew7rwx/gradle-5.4.1/lib/plugins/hamcrest-core-1.3.jar
7fbccc47c000-7fbccc484000 r--s 00045000 08:11 17437196                   /home/theapache64/.gradle/wrapper/dists/gradle-5.4.1-all/3221gyojl5jsh0helicew7rwx/gradle-5.4.1/lib/plugins/junit-4.12.jar
7fbccc484000-7fbccc485000 r--s 00003000 08:11 17437138                   /home/theapache64/.gradle/wrapper/dists/gradle-5.4.1-all/3221gyojl5jsh0helicew7rwx/gradle-5.4.1/lib/plugins/gradle-testing-junit-platform-5.4.1.jar
7fbccc485000-7fbccc48d000 r--s 00034000 08:11 17437148                   /home/theapache64/.gradle/wrapper/dists/gradle-5.4.1-all/3221gyojl5jsh0helicew7rwx/gradle-5.4.1/lib/plugins/gradle-testing-base-5.4.1.jar
7fbccc48d000-7fbccc495000 r--s 00048000 08:11 17437187                   /home/theapache64/.gradle/wrapper/dists/gradle-5.4.1-all/3221gyojl5jsh0helicew7rwx/gradle-5.4.1/lib/plugins/bcpg-jdk15on-1.61.jar
7fbccc495000-7fbccc497000 r--s 0000f000 08:11 17437118                   /home/theapache64/.gradle/wrapper/dists/gradle-5.4.1-all/3221gyojl5jsh0helicew7rwx/gradle-5.4.1/lib/plugins/gradle-signing-5.4.1.jar
7fbccc497000-7fbccc499000 r--s 00009000 08:11 17437127                   /home/theapache64/.gradle/wrapper/dists/gradle-5.4.1-all/3221gyojl5jsh0helicew7rwx/gradle-5.4.1/lib/plugins/gradle-scala-5.4.1.jar
7fbccc499000-7fbccc49a000 r--s 00004000 08:11 17437159                   /home/theapache64/.gradle/wrapper/dists/gradle-5.4.1-all/3221gyojl5jsh0helicew7rwx/gradle-5.4.1/lib/plugins/gradle-resources-sftp-5.4.1.jar
7fbccc49a000-7fbccc4a3000 r--s 0005b000 08:11 17437165                   /home/theapache64/.gradle/wrapper/dists/gradle-5.4.1-all/3221gyojl5jsh0helicew7rwx/gradle-5.4.1/lib/plugins/aws-java-sdk-kms-1.11.407.jar
7fbccc4a3000-7fbccc4a5000 r--s 00005000 08:11 17437204                   /home/theapache64/.gradle/wrapper/dists/gradle-5.4.1-all/3221gyojl5jsh0helicew7rwx/gradle-5.4.1/lib/plugins/jmespath-java-1.11.407.jar
7fbccc4a5000-7fbccc4b8000 r--s 000ca000 08:11 17437164                   /home/theapache64/.gradle/wrapper/dists/gradle-5.4.1-all/3221gyojl5jsh0helicew7rwx/gradle-5.4.1/lib/plugins/aws-java-sdk-s3-1.11.407.jar
7fbccc4b8000-7fbccc4c2000 r--s 00081000 08:11 17437233                   /home/theapache64/.gradle/wrapper/dists/gradle-5.4.1-all/3221gyojl5jsh0helicew7rwx/gradle-5.4.1/lib/plugins/ion-java-1.0.2.jar
7fbccc4c2000-7fbccc4d8000 r--s 000ca000 08:11 17437166                   /home/theapache64/.gradle/wrapper/dists/gradle-5.4.1-all/3221gyojl5jsh0helicew7rwx/gradle-5.4.1/lib/plugins/aws-java-sdk-core-1.11.407.jar
7fbccc4d8000-7fbccc4da000 r--s 00004000 08:11 17437155                   /home/theapache64/.gradle/wrapper/dists/gradle-5.4.1-all/3221gyojl5jsh0helicew7rwx/gradle-5.4.1/lib/plugins/gradle-resources-s3-5.4.1.jar
7fbccc4da000-7fbccc4eb000 r--s 0008c000 08:11 17437208                   /home/theapache64/.gradle/wrapper/dists/gradle-5.4.1-all/3221gyojl5jsh0helicew7rwx/gradle-5.4.1/lib/plugins/joda-time-2.10.jar
7fbccc4eb000-7fbccc4fd000 r--s 00137000 08:11 17437205                   /home/theapache64/.gradle/wrapper/dists/gradle-5.4.1-all/3221gyojl5jsh0helicew7rwx/gradle-5.4.1/lib/plugins/jackson-databind-2.9.8.jar
7fbccc4fd000-7fbccc500000 r--s 0000e000 08:11 17437207                   /home/theapache64/.gradle/wrapper/dists/gradle-5.4.1-all/3221gyojl5jsh0helicew7rwx/gradle-5.4.1/lib/plugins/jackson-annotations-2.9.8.jar
7fbccc500000-7fbccc504000 r--s 0004c000 08:11 17437206                   /home/theapache64/.gradle/wrapper/dists/gradle-5.4.1-all/3221gyojl5jsh0helicew7rwx/gradle-5.4.1/lib/plugins/jackson-core-2.9.8.jar
7fbccc504000-7fbccc505000 r--s 00001000 08:11 17437173                   /home/theapache64/.gradle/wrapper/dists/gradle-5.4.1-all/3221gyojl5jsh0helicew7rwx/gradle-5.4.1/lib/plugins/google-http-client-jackson2-1.25.0.jar
7fbccc505000-7fbccc50f000 r--s 00056000 08:11 17437174                   /home/theapache64/.gradle/wrapper/dists/gradle-5.4.1-all/3221gyojl5jsh0helicew7rwx/gradle-5.4.1/lib/plugins/google-http-client-1.25.0.jar
7fbccc50f000-7fbccc512000 r--s 0000d000 08:11 17437172                   /home/theapache64/.gradle/wrapper/dists/gradle-5.4.1-all/3221gyojl5jsh0helicew7rwx/gradle-5.4.1/lib/plugins/google-oauth-client-1.25.0.jar
7fbccc512000-7fbccc517000 r--s 0002d000 08:11 17437171                   /home/theapache64/.gradle/wrapper/dists/gradle-5.4.1-all/3221gyojl5jsh0helicew7rwx/gradle-5.4.1/lib/plugins/google-api-client-1.25.0.jar
7fbccc517000-7fbccc51b000 r--s 0001d000 08:11 17437170                   /home/theapache64/.gradle/wrapper/dists/gradle-5.4.1-all/3221gyojl5jsh0helicew7rwx/gradle-5.4.1/lib/plugins/google-api-services-storage-v1-rev136-1.25.0.jar
7fbccc51b000-7fbccc51d000 r--s 00003000 08:11 17437156                   /home/theapache64/.gradle/wrapper/dists/gradle-5.4.1-all/3221gyojl5jsh0helicew7rwx/gradle-5.4.1/lib/plugins/gradle-resources-gcs-5.4.1.jar
7fbccc51d000-7fbccc51f000 r--s 00010000 08:11 17437154                   /home/theapache64/.gradle/wrapper/dists/gradle-5.4.1-all/3221gyojl5jsh0helicew7rwx/gradle-5.4.1/lib/plugins/gradle-reporting-5.4.1.jar
7fbccc51f000-7fbccc521000 r--s 00008000 08:11 17437147                   /home/theapache64/.gradle/wrapper/dists/gradle-5.4.1-all/3221gyojl5jsh0helicew7rwx/gradle-5.4.1/lib/plugins/gradle-publish-5.4.1.jar
7fbccc521000-7fbccc529000 r--s 00046000 08:11 17437135                   /home/theapache64/.gradle/wrapper/dists/gradle-5.4.1-all/3221gyojl5jsh0helicew7rwx/gradle-5.4.1/lib/plugins/gradle-plugins-5.4.1.jar
7fbccc529000-7fbccc52b000 r--s 0000c000 08:11 17437123                   /home/theapache64/.gradle/wrapper/dists/gradle-5.4.1-all/3221gyojl5jsh0helicew7rwx/gradle-5.4.1/lib/plugins/gradle-plugin-development-5.4.1.jar
7fbccc52b000-7fbccc531000 r--s 00030000 08:11 17437130                   /home/theapache64/.gradle/wrapper/dists/gradle-5.4.1-all/3221gyojl5jsh0helicew7rwx/gradle-5.4.1/lib/plugins/gradle-platform-play-5.4.1.jar
7fbccc531000-7fbccc537000 r--s 0003d000 08:11 17437194                   /home/theapache64/.gradle/wrapper/dists/gradle-5.4.1-all/3221gyojl5jsh0helicew7rwx/gradle-5.4.1/lib/plugins/snakeyaml-1.17.jar
7fbccc537000-7fbccc549000 r--s 00078000 08:11 17437145                   /home/theapache64/.gradle/wrapper/dists/gradle-5.4.1-all/3221gyojl5jsh0helicew7rwx/gradle-5.4.1/lib/plugins/gradle-platform-native-5.4.1.jar
7fbccc549000-7fbccc54d000 r--s 0001b000 08:11 17437144                   /home/theapache64/.gradle/wrapper/dists/gradle-5.4.1-all/3221gyojl5jsh0helicew7rwx/gradle-5.4.1/lib/plugins/gradle-platform-jvm-5.4.1.jar
7fbccc54d000-7fbccc554000 r--s 0002a000 08:11 17437149                   /home/theapache64/.gradle/wrapper/dists/gradle-5.4.1-all/3221gyojl5jsh0helicew7rwx/gradle-5.4.1/lib/plugins/gradle-platform-base-5.4.1.jar
7fbccc554000-7fbccc581000 r--s 0025e000 08:11 17437178                   /home/theapache64/.gradle/wrapper/dists/gradle-5.4.1-all/3221gyojl5jsh0helicew7rwx/gradle-5.4.1/lib/plugins/biz.aQute.bndlib-4.0.0.jar
7fbccc581000-7fbccc582000 r--s 00004000 08:11 17437117                   /home/theapache64/.gradle/wrapper/dists/gradle-5.4.1-all/3221gyojl5jsh0helicew7rwx/gradle-5.4.1/lib/plugins/gradle-osgi-5.4.1.jar
7fbccc582000-7fbccc585000 r--s 0000c000 08:11 17437183                   /home/theapache64/.gradle/wrapper/dists/gradle-5.4.1-all/3221gyojl5jsh0helicew7rwx/gradle-5.4.1/lib/plugins/pmaven-groovy-0.8-20100325.jar
7fbccc585000-7fbccc586000 r--s 00004000 08:11 17437182                   /home/theapache64/.gradle/wrapper/dists/gradle-5.4.1-all/3221gyojl5jsh0helicew7rwx/gradle-5.4.1/lib/plugins/pmaven-common-0.8-20100325.jar
7fbccc586000-7fbccc587000 r--s 00008000 08:11 17437169                   /home/theapache64/.gradle/wrapper/dists/gradle-5.4.1-all/3221gyojl5jsh0helicew7rwx/gradle-5.4.1/lib/plugins/wagon-http-shared-3.0.0.jar
7fbccc587000-7fbccc588000 r--s 00002000 08:11 17437168                   /home/theapache64/.gradle/wrapper/dists/gradle-5.4.1-all/3221gyojl5jsh0helicew7rwx/gradle-5.4.1/lib/plugins/wagon-http-3.0.0.jar
7fbccc588000-7fbccc589000 r--s 00002000 08:11 17437184                   /home/theapache64/.gradle/wrapper/dists/gradle-5.4.1-all/3221gyojl5jsh0helicew7rwx/gradle-5.4.1/lib/plugins/wagon-file-3.0.0.jar
7fbccc589000-7fbccc58b000 r--s 00006000 08:11 17437186                   /home/theapache64/.gradle/wrapper/dists/gradle-5.4.1-all/3221gyojl5jsh0helicew7rwx/gradle-5.4.1/lib/plugins/aether-connector-wagon-1.13.1.jar
7fbccc58b000-7fbccc592000 r--s 00031000 08:11 17437124                   /home/theapache64/.gradle/wrapper/dists/gradle-5.4.1-all/3221gyojl5jsh0helicew7rwx/gradle-5.4.1/lib/plugins/gradle-maven-5.4.1.jar
7fbccc592000-7fbccc594000 r--s 0000c000 08:11 17437137                   /home/theapache64/.gradle/wrapper/dists/gradle-5.4.1-all/3221gyojl5jsh0helicew7rwx/gradle-5.4.1/lib/plugins/gradle-language-scala-5.4.1.jar
7fbccc594000-7fbccc59f000 r--s 00054000 08:11 17437122                   /home/theapache64/.gradle/wrapper/dists/gradle-5.4.1-all/3221gyojl5jsh0helicew7rwx/gradle-5.4.1/lib/plugins/gradle-language-native-5.4.1.jar
7fbccc59f000-7fbccc5a1000 r--s 00005000 08:11 17437143                   /home/theapache64/.gradle/wrapper/dists/gradle-5.4.1-all/3221gyojl5jsh0helicew7rwx/gradle-5.4.1/lib/plugins/gradle-language-jvm-5.4.1.jar
7fbccc5a1000-7fbccc5aa000 r--s 00042000 08:11 17437141                   /home/theapache64/.gradle/wrapper/dists/gradle-5.4.1-all/3221gyojl5jsh0helicew7rwx/gradle-5.4.1/lib/plugins/gradle-language-java-5.4.1.jar
7fbccc5aa000-7fbccc5ac000 r--s 0000b000 08:11 17437136                   /home/theapache64/.gradle/wrapper/dists/gradle-5.4.1-all/3221gyojl5jsh0helicew7rwx/gradle-5.4.1/lib/plugins/gradle-language-groovy-5.4.1.jar
7fbccc5ac000-7fbccc5b3000 r--s 00035000 08:11 17437190                   /home/theapache64/.gradle/wrapper/dists/gradle-5.4.1-all/3221gyojl5jsh0helicew7rwx/gradle-5.4.1/lib/plugins/simple-4.1.21.jar
7fbccc5b3000-7fbccc5c0000 r--s 00125000 08:11 17437188                   /home/theapache64/.gradle/wrapper/dists/gradle-5.4.1-all/3221gyojl5jsh0helicew7rwx/gradle-5.4.1/lib/plugins/rhino-1.7.10.jar
7fbccc5c0000-7fbccc5c4000 r--s 00012000 08:11 17437131                   /home/theapache64/.gradle/wrapper/dists/gradle-5.4.1-all/3221gyojl5jsh0helicew7rwx/gradle-5.4.1/lib/plugins/gradle-javascript-5.4.1.jar
7fbccc5c4000-7fbccc5c8000 r--s 00011000 08:11 17437133                   /home/theapache64/.gradle/wrapper/dists/gradle-5.4.1-all/3221gyojl5jsh0helicew7rwx/gradle-5.4.1/lib/plugins/gradle-jacoco-5.4.1.jar
7fbccc5c8000-7fbccc5cc000 r--s 00015000 08:11 17437132                   /home/theapache64/.gradle/wrapper/dists/gradle-5.4.1-all/3221gyojl5jsh0helicew7rwx/gradle-5.4.1/lib/plugins/gradle-ivy-5.4.1.jar
7fbccc5cc000-7fbccc5ce000 r--s 00002000 08:11 17437125                   /home/theapache64/.gradle/wrapper/dists/gradle-5.4.1-all/3221gyojl5jsh0helicew7rwx/gradle-5.4.1/lib/plugins/gradle-ide-play-5.4.1.jar
7fbccc5ce000-7fbccc5d0000 r--s 00011000 08:11 17437195                   /home/theapache64/.gradle/wrapper/dists/gradle-5.4.1-all/3221gyojl5jsh0helicew7rwx/gradle-5.4.1/lib/plugins/dd-plist-1.21.jar
7fbccc5d0000-7fbccc5d7000 r--s 00034000 08:11 17437120                   /home/theapache64/.gradle/wrapper/dists/gradle-5.4.1-all/3221gyojl5jsh0helicew7rwx/gradle-5.4.1/lib/plugins/gradle-ide-native-5.4.1.jar
7fbccc5d7000-7fbccc5e1000 r--s 0005f000 08:11 17437126                   /home/theapache64/.gradle/wrapper/dists/gradle-5.4.1-all/3221gyojl5jsh0helicew7rwx/gradle-5.4.1/lib/plugins/gradle-ide-5.4.1.jar
7fbccc5e1000-7fbccc5e3000 r--s 00008000 08:11 17437129                   /home/theapache64/.gradle/wrapper/dists/gradle-5.4.1-all/3221gyojl5jsh0helicew7rwx/gradle-5.4.1/lib/plugins/gradle-ear-5.4.1.jar
7fbccc5e3000-7fbccc5e5000 r--s 00006000 08:11 17437191                   /home/theapache64/.gradle/wrapper/dists/gradle-5.4.1-all/3221gyojl5jsh0helicew7rwx/gradle-5.4.1/lib/plugins/jatl-0.2.3.jar
7fbccc5e5000-7fbccc5eb000 r--s 0003e000 08:11 17437146                   /home/theapache64/.gradle/wrapper/dists/gradle-5.4.1-all/3221gyojl5jsh0helicew7rwx/gradle-5.4.1/lib/plugins/gradle-diagnostics-5.4.1.jar
7fbccc5eb000-7fbccc5f0000 r--s 00028000 08:11 17437116                   /home/theapache64/.gradle/wrapper/dists/gradle-5.4.1-all/3221gyojl5jsh0helicew7rwx/gradle-5.4.1/lib/plugins/gradle-code-quality-5.4.1.jar
7fbccc5f0000-7fbccc5f2000 r--s 0000b000 08:11 17437192                   /home/theapache64/.gradle/wrapper/dists/gradle-5.4.1-all/3221gyojl5jsh0helicew7rwx/gradle-5.4.1/lib/plugins/maven-plugin-api-3.0.4.jar
7fbccc5f2000-7fbccc5f4000 r--s 0000c000 08:11 17437230                   /home/theapache64/.gradle/wrapper/dists/gradle-5.4.1-all/3221gyojl5jsh0helicew7rwx/gradle-5.4.1/lib/plugins/wagon-provider-api-3.0.0.jar
7fbccc5f4000-7fbccc5fa000 r--s 0003f000 08:11 17437180                   /home/theapache64/.gradle/wrapper/dists/gradle-5.4.1-all/3221gyojl5jsh0helicew7rwx/gradle-5.4.1/lib/plugins/maven-compat-3.0.4.jar
7fbccc5fa000-7fbccc5fd000 r--s 0000a000 08:11 17437227                   /home/theapache64/.gradle/wrapper/dists/gradle-5.4.1-all/3221gyojl5jsh0helicew7rwx/gradle-5.4.1/lib/plugins/plexus-classworlds-2.5.1.jar
7fbccc5fd000-7fbccc601000 r--s 00021000 08:11 17437232                   /home/theapache64/.gradle/wrapper/dists/gradle-5.4.1-all/3221gyojl5jsh0helicew7rwx/gradle-5.4.1/lib/plugins/xbean-reflect-3.7.jar
7fbccc601000-7fbccc608000 r--s 00032000 08:11 17437185                   /home/theapache64/.gradle/wrapper/dists/gradle-5.4.1-all/3221gyojl5jsh0helicew7rwx/gradle-5.4.1/lib/plugins/plexus-container-default-1.7.1.jar
7fbccc608000-7fbccc60e000 r--s 00031000 08:11 17437134                   /home/theapache64/.gradle/wrapper/dists/gradle-5.4.1-all/3221gyojl5jsh0helicew7rwx/gradle-5.4.1/lib/plugins/gradle-build-init-5.4.1.jar
7fbccc60e000-7fbccc614000 r--s 0002e000 08:11 17437128                   /home/theapache64/.gradle/wrapper/dists/gradle-5.4.1-all/3221gyojl5jsh0helicew7rwx/gradle-5.4.1/lib/plugins/gradle-build-comparison-5.4.1.jar
7fbccc614000-7fbccc616000 r--s 00002000 08:11 17437157                   /home/theapache64/.gradle/wrapper/dists/gradle-5.4.1-all/3221gyojl5jsh0helicew7rwx/gradle-5.4.1/lib/plugins/gradle-build-cache-http-5.4.1.jar
7fbccc616000-7fbccc618000 r--s 00009000 08:11 17437115                   /home/theapache64/.gradle/wrapper/dists/gradle-5.4.1-all/3221gyojl5jsh0helicew7rwx/gradle-5.4.1/lib/plugins/gradle-antlr-5.4.1.jar
7fbccc618000-7fbccc619000 r--s 00005000 08:11 17437114                   /home/theapache64/.gradle/wrapper/dists/gradle-5.4.1-all/3221gyojl5jsh0helicew7rwx/gradle-5.4.1/lib/plugins/gradle-announce-5.4.1.jar
7fbccc619000-7fbccc61c000 r--s 00017000 08:11 17437162                   /home/theapache64/.gradle/wrapper/dists/gradle-5.4.1-all/3221gyojl5jsh0helicew7rwx/gradle-5.4.1/lib/plugins/gradle-kotlin-dsl-tooling-builders-5.4.1.jar
7fbccc61c000-7fbccc622000 r--s 00029000 08:11 17437161                   /home/theapache64/.gradle/wrapper/dists/gradle-5.4.1-all/3221gyojl5jsh0helicew7rwx/gradle-5.4.1/lib/plugins/gradle-kotlin-dsl-provider-plugins-5.4.1.jar
7fbccc622000-7fbccc623000 r--s 00000000 08:11 17305095                   /home/theapache64/.gradle/wrapper/dists/gradle-5.4.1-all/3221gyojl5jsh0helicew7rwx/gradle-5.4.1/lib/gradle-runtime-api-info-5.4.1.jar
7fbccc623000-7fbccc628000 r--s 00040000 08:11 17437202                   /home/theapache64/.gradle/wrapper/dists/gradle-5.4.1-all/3221gyojl5jsh0helicew7rwx/gradle-5.4.1/lib/plugins/jsch-0.1.54.jar
7fbccc628000-7fbccc62a000 r--s 00010000 08:11 17437218                   /home/theapache64/.gradle/wrapper/dists/gradle-5.4.1-all/3221gyojl5jsh0helicew7rwx/gradle-5.4.1/lib/plugins/jzlib-1.1.3.jar
7fbccc62a000-7fbccc64f000 r--s 00265000 08:11 17437167                   /home/theapache64/.gradle/wrapper/dists/gradle-5.4.1-all/3221gyojl5jsh0helicew7rwx/gradle-5.4.1/lib/plugins/org.eclipse.jgit-5.0.3.201809091024-r.jar
7fbccc64f000-7fbccc652000 r--s 0000c000 08:11 17437151                   /home/theapache64/.gradle/wrapper/dists/gradle-5.4.1-all/3221gyojl5jsh0helicew7rwx/gradle-5.4.1/lib/plugins/gradle-version-control-5.4.1.jar
7fbccc652000-7fbccc66b000 r--s 0013a000 08:11 17437201                   /home/theapache64/.gradle/wrapper/dists/gradle-5.4.1-all/3221gyojl5jsh0helicew7rwx/gradle-5.4.1/lib/plugins/xercesImpl-2.12.0.jar
7fbccc66b000-7fbccc66d000 r--s 0001d000 08:11 17437200                   /home/theapache64/.gradle/wrapper/dists/gradle-5.4.1-all/3221gyojl5jsh0helicew7rwx/gradle-5.4.1/lib/plugins/nekohtml-1.9.22.jar
7fbccc66d000-7fbccc673000 r--s 0005b000 08:11 17437199                   /home/theapache64/.gradle/wrapper/dists/gradle-5.4.1-all/3221gyojl5jsh0helicew7rwx/gradle-5.4.1/lib/plugins/jcifs-1.3.17.jar
7fbccc673000-7fbccc67a000 r--s 0004b000 08:11 17437176                   /home/theapache64/.gradle/wrapper/dists/gradle-5.4.1-all/3221gyojl5jsh0helicew7rwx/gradle-5.4.1/lib/plugins/commons-codec-1.11.jar
7fbccc67a000-7fbccc681000 r--s 00049000 08:11 17437216                   /home/theapache64/.gradle/wrapper/dists/gradle-5.4.1-all/3221gyojl5jsh0helicew7rwx/gradle-5.4.1/lib/plugins/httpcore-4.4.10.jar
7fbccc681000-7fbccc68e000 r--s 000af000 08:11 17437175                   /home/theapache64/.gradle/wrapper/dists/gradle-5.4.1-all/3221gyojl5jsh0helicew7rwx/gradle-5.4.1/lib/plugins/httpclient-4.5.6.jar
7fbccc68e000-7fbccc691000 r--s 0000e000 08:11 17437158                   /home/theapache64/.gradle/wrapper/dists/gradle-5.4.1-all/3221gyojl5jsh0helicew7rwx/gradle-5.4.1/lib/plugins/gradle-resources-http-5.4.1.jar
7fbccc691000-7fbccc694000 r--s 0000c000 08:11 17437150                   /home/theapache64/.gradle/wrapper/dists/gradle-5.4.1-all/3221gyojl5jsh0helicew7rwx/gradle-5.4.1/lib/plugins/gradle-plugin-use-5.4.1.jar
7fbccc694000-7fbccc697000 r--s 0000d000 08:11 17437153                   /home/theapache64/.gradle/wrapper/dists/gradle-5.4.1-all/3221gyojl5jsh0helicew7rwx/gradle-5.4.1/lib/plugins/gradle-composite-builds-5.4.1.jar
7fbccc697000-7fbccc698000 r--s 00000000 08:11 17305098                   /home/theapache64/.gradle/wrapper/dists/gradle-5.4.1-all/3221gyojl5jsh0helicew7rwx/gradle-5.4.1/lib/gradle-installation-beacon-5.4.1.jar
7fbccc698000-7fbccc69a000 r--s 00006000 08:11 17437222                   /home/theapache64/.gradle/wrapper/dists/gradle-5.4.1-all/3221gyojl5jsh0helicew7rwx/gradle-5.4.1/lib/plugins/maven-repository-metadata-3.0.4.jar
7fbccc69a000-7fbccc69c000 r--s 0000c000 08:11 17437210                   /home/theapache64/.gradle/wrapper/dists/gradle-5.4.1-all/3221gyojl5jsh0helicew7rwx/gradle-5.4.1/lib/plugins/maven-aether-provider-3.0.4.jar
7fbccc69c000-7fbccc69d000 r--s 00003000 08:11 17437212                   /home/theapache64/.gradle/wrapper/dists/gradle-5.4.1-all/3221gyojl5jsh0helicew7rwx/gradle-5.4.1/lib/plugins/aether-spi-1.13.1.jar
7fbccc69d000-7fbccc6a0000 r--s 0001d000 08:11 17437211                   /home/theapache64/.gradle/wrapper/dists/gradle-5.4.1-all/3221gyojl5jsh0helicew7rwx/gradle-5.4.1/lib/plugins/aether-impl-1.13.1.jar
7fbccc6a0000-7fbccc6a4000 r--s 0001c000 08:11 17437213                   /home/theapache64/.gradle/wrapper/dists/gradle-5.4.1-all/3221gyojl5jsh0helicew7rwx/gradle-5.4.1/lib/plugins/aether-util-1.13.1.jar
7fbccc6a4000-7fbccc6a7000 r--s 00013000 08:11 17437214                   /home/theapache64/.gradle/wrapper/dists/gradle-5.4.1-all/3221gyojl5jsh0helicew7rwx/gradle-5.4.1/lib/plugins/aether-api-1.13.1.jar
7fbccc6a7000-7fbccc6a9000 r--s 0000b000 08:11 17437219                   /home/theapache64/.gradle/wrapper/dists/gradle-5.4.1-all/3221gyojl5jsh0helicew7rwx/gradle-5.4.1/lib/plugins/maven-artifact-3.0.4.jar
7fbccc6a9000-7fbccc6ad000 r--s 00021000 08:11 17437220                   /home/theapache64/.gradle/wrapper/dists/gradle-5.4.1-all/3221gyojl5jsh0helicew7rwx/gradle-5.4.1/lib/plugins/maven-model-builder-3.0.4.jar
7fbccc6ad000-7fbccc6af000 r--s 00026000 08:11 17437221                   /home/theapache64/.gradle/wrapper/dists/gradle-5.4.1-all/3221gyojl5jsh0helicew7rwx/gradle-5.4.1/lib/plugins/maven-model-3.0.4.jar
7fbccc6af000-7fbccc6b1000 r--s 0000a000 08:11 17437224                   /home/theapache64/.gradle/wrapper/dists/gradle-5.4.1-all/3221gyojl5jsh0helicew7rwx/gradle-5.4.1/lib/plugins/maven-settings-3.0.4.jar
7fbccc6b1000-7fbccc6b3000 r--s 00002000 08:11 17437226                   /home/theapache64/.gradle/wrapper/dists/gradle-5.4.1-all/3221gyojl5jsh0helicew7rwx/gradle-5.4.1/lib/plugins/plexus-cipher-1.7.jar
7fbccc6b3000-7fbccc6b4000 r--s 00006000 08:11 17437225                   /home/theapache64/.gradle/wrapper/dists/gradle-5.4.1-all/3221gyojl5jsh0helicew7rwx/gradle-5.4.1/lib/plugins/plexus-sec-dispatcher-1.3.jar
7fbccc6b4000-7fbccc6b6000 r--s 00000000 08:11 17437228                   /home/theapache64/.gradle/wrapper/dists/gradle-5.4.1-all/3221gyojl5jsh0helicew7rwx/gradle-5.4.1/lib/plugins/plexus-component-annotations-1.5.5.jar
7fbccc6b6000-7fbccc6ba000 r--s 0003c000 08:11 17437231                   /home/theapache64/.gradle/wrapper/dists/gradle-5.4.1-all/3221gyojl5jsh0helicew7rwx/gradle-5.4.1/lib/plugins/plexus-utils-3.1.0.jar
7fbccc6ba000-7fbccc6cf000 r--s 00116000 08:11 17437179                   /home/theapache64/.gradle/wrapper/dists/gradle-5.4.1-all/3221gyojl5jsh0helicew7rwx/gradle-5.4.1/lib/plugins/ivy-2.3.0.jar
7fbccc6cf000-7fbccc72e000 r--s 003f7000 08:11 17437209                   /home/theapache64/.gradle/wrapper/dists/gradle-5.4.1-all/3221gyojl5jsh0helicew7rwx/gradle-5.4.1/lib/plugins/bcprov-jdk15on-1.61.jar
7fbccc72e000-7fbccc761000 r--s 001c3000 08:11 17437152                   /home/theapache64/.gradle/wrapper/dists/gradle-5.4.1-all/3221gyojl5jsh0helicew7rwx/gradle-5.4.1/lib/plugins/gradle-dependency-management-5.4.1.jar
7fbccc761000-7fbccc777000 r-xp 00000000 08:11 17175158                   /lib/x86_64-linux-gnu/libgcc_s.so.1
7fbccc777000-7fbccc976000 ---p 00016000 08:11 17175158                   /lib/x86_64-linux-gnu/libgcc_s.so.1
7fbccc976000-7fbccc977000 rw-p 00015000 08:11 17175158                   /lib/x86_64-linux-gnu/libgcc_s.so.1
7fbccc977000-7fbcccae9000 r-xp 00000000 08:11 7349072                    /usr/lib/x86_64-linux-gnu/libstdc++.so.6.0.21
7fbcccae9000-7fbcccce9000 ---p 00172000 08:11 7349072                    /usr/lib/x86_64-linux-gnu/libstdc++.so.6.0.21
7fbcccce9000-7fbccccf3000 r--p 00172000 08:11 7349072                    /usr/lib/x86_64-linux-gnu/libstdc++.so.6.0.21
7fbccccf3000-7fbccccf5000 rw-p 0017c000 08:11 7349072                    /usr/lib/x86_64-linux-gnu/libstdc++.so.6.0.21
7fbccccf5000-7fbccccf9000 rw-p 00000000 00:00 0 
7fbccccf9000-7fbccccfb000 r--s 0000d000 08:11 17437229                   /home/theapache64/.gradle/wrapper/dists/gradle-5.4.1-all/3221gyojl5jsh0helicew7rwx/gradle-5.4.1/lib/plugins/plexus-interpolation-1.14.jar
7fbccccfb000-7fbccccfe000 r--s 00008000 08:11 17437223                   /home/theapache64/.gradle/wrapper/dists/gradle-5.4.1-all/3221gyojl5jsh0helicew7rwx/gradle-5.4.1/lib/plugins/maven-settings-builder-3.0.4.jar
7fbccccfe000-7fbcccd0a000 r--s 0007d000 08:11 17437181                   /home/theapache64/.gradle/wrapper/dists/gradle-5.4.1-all/3221gyojl5jsh0helicew7rwx/gradle-5.4.1/lib/plugins/maven-core-3.0.4.jar
7fbcccd0a000-7fbcccd0f000 r--s 00036000 08:11 17437189                   /home/theapache64/.gradle/wrapper/dists/gradle-5.4.1-all/3221gyojl5jsh0helicew7rwx/gradle-5.4.1/lib/plugins/gson-2.8.5.jar
7fbcccd0f000-7fbcccd10000 r--s 00013000 08:11 17437177                   /home/theapache64/.gradle/wrapper/dists/gradle-5.4.1-all/3221gyojl5jsh0helicew7rwx/gradle-5.4.1/lib/plugins/asm-util-7.0.jar
7fbcccd10000-7fbcccd13000 r--s 0000e000 08:11 17437163                   /home/theapache64/.gradle/wrapper/dists/gradle-5.4.1-all/3221gyojl5jsh0helicew7rwx/gradle-5.4.1/lib/plugins/gradle-workers-5.4.1.jar
7fbcccd13000-7fbcccd19000 r-xp 00000000 08:11 16652354                   /home/theapache64/.gradle/native/29/linux-amd64/libnative-platform.so
7fbcccd19000-7fbcccf18000 ---p 00006000 08:11 16652354                   /home/theapache64/.gradle/native/29/linux-amd64/libnative-platform.so
7fbcccf18000-7fbcccf19000 rw-p 00005000 08:11 16652354                   /home/theapache64/.gradle/native/29/linux-amd64/libnative-platform.so
7fbcccf19000-7fbcccf29000 r-xp 00000000 08:11 20973985                   /opt/android-studio/jre/jre/lib/amd64/libnio.so
7fbcccf29000-7fbcccf2a000 rw-p 00010000 08:11 20973985                   /opt/android-studio/jre/jre/lib/amd64/libnio.so
7fbcccf2a000-7fbcccf40000 r-xp 00000000 08:11 20973964                   /opt/android-studio/jre/jre/lib/amd64/libnet.so
7fbcccf40000-7fbcccf41000 rw-p 00016000 08:11 20973964                   /opt/android-studio/jre/jre/lib/amd64/libnet.so
7fbcccf41000-7fbcccf43000 r--s 00006000 08:11 17305097                   /home/theapache64/.gradle/wrapper/dists/gradle-5.4.1-all/3221gyojl5jsh0helicew7rwx/gradle-5.4.1/lib/gradle-wrapper-5.4.1.jar
7fbcccf43000-7fbcccf52000 r--s 0004c000 08:11 17305096                   /home/theapache64/.gradle/wrapper/dists/gradle-5.4.1-all/3221gyojl5jsh0helicew7rwx/gradle-5.4.1/lib/gradle-tooling-api-5.4.1.jar
7fbcccf52000-7fbcccf5d000 r--s 00081000 08:11 17305155                   /home/theapache64/.gradle/wrapper/dists/gradle-5.4.1-all/3221gyojl5jsh0helicew7rwx/gradle-5.4.1/lib/trove4j-1.0.20181211.jar
7fbcccf5d000-7fbcccf5f000 r--s 00009000 08:11 17305154                   /home/theapache64/.gradle/wrapper/dists/gradle-5.4.1-all/3221gyojl5jsh0helicew7rwx/gradle-5.4.1/lib/kotlin-script-runtime-1.3.21.jar
7fbcccf5f000-7fbcccf96000 r--s 00255000 08:11 17305148                   /home/theapache64/.gradle/wrapper/dists/gradle-5.4.1-all/3221gyojl5jsh0helicew7rwx/gradle-5.4.1/lib/kotlin-reflect-1.3.21.jar
7fbcccf96000-7fbccd175000 r--s 01b1b000 08:11 17305121                   /home/theapache64/.gradle/wrapper/dists/gradle-5.4.1-all/3221gyojl5jsh0helicew7rwx/gradle-5.4.1/lib/kotlin-compiler-embeddable-1.3.21-patched-for-gradle-5.4.1.jar
7fbccd175000-7fbccd176000 r--s 00001000 08:11 17305132                   /home/theapache64/.gradle/wrapper/dists/gradle-5.4.1-all/3221gyojl5jsh0helicew7rwx/gradle-5.4.1/lib/gradle-kotlin-dsl-tooling-models-5.4.1.jar
7fbccd176000-7fbccd184000 r--s 00236000 08:11 17305135                   /home/theapache64/.gradle/wrapper/dists/gradle-5.4.1-all/3221gyojl5jsh0helicew7rwx/gradle-5.4.1/lib/kotlinx-metadata-jvm-0.0.5.jar
7fbccd184000-7fbccd185000 r--s 00002000 08:11 17305134                   /home/theapache64/.gradle/wrapper/dists/gradle-5.4.1-all/3221gyojl5jsh0helicew7rwx/gradle-5.4.1/lib/kotlin-sam-with-receiver-compiler-plugin-1.3.21.jar
7fbccd185000-7fbccd186000 r--s 00000000 08:11 17305149                   /home/theapache64/.gradle/wrapper/dists/gradle-5.4.1-all/3221gyojl5jsh0helicew7rwx/gradle-5.4.1/lib/kotlin-stdlib-jdk7-1.3.21.jar
7fbccd186000-7fbccd188000 r--s 00003000 08:11 17305151                   /home/theapache64/.gradle/wrapper/dists/gradle-5.4.1-all/3221gyojl5jsh0helicew7rwx/gradle-5.4.1/lib/annotations-13.0.jar
7fbccd188000-7fbccd18f000 r--s 0001f000 08:11 17305171                   /home/theapache64/.gradle/wrapper/dists/gradle-5.4.1-all/3221gyojl5jsh0helicew7rwx/gradle-5.4.1/lib/kotlin-stdlib-common-1.3.21.jar
7fbccd18f000-7fbccd1a2000 r--s 0010f000 08:11 17305150                   /home/theapache64/.gradle/wrapper/dists/gradle-5.4.1-all/3221gyojl5jsh0helicew7rwx/gradle-5.4.1/lib/kotlin-stdlib-1.3.21.jar
7fbccd1a2000-7fbccd1a4000 r--s 00002000 08:11 17305133                   /home/theapache64/.gradle/wrapper/dists/gradle-5.4.1-all/3221gyojl5jsh0helicew7rwx/gradle-5.4.1/lib/kotlin-stdlib-jdk8-1.3.21.jar
7fbccd1a4000-7fbccd1bf000 r--s 0015d000 08:11 17305099                   /home/theapache64/.gradle/wrapper/dists/gradle-5.4.1-all/3221gyojl5jsh0helicew7rwx/gradle-5.4.1/lib/gradle-kotlin-dsl-5.4.1.jar
7fbccd1bf000-7fbccd1c3000 r--s 00013000 08:11 17305104                   /home/theapache64/.gradle/wrapper/dists/gradle-5.4.1-all/3221gyojl5jsh0helicew7rwx/gradle-5.4.1/lib/gradle-build-cache-5.4.1.jar
7fbccd1c3000-7fbccd1c5000 r--s 00006000 08:11 17305103                   /home/theapache64/.gradle/wrapper/dists/gradle-5.4.1-all/3221gyojl5jsh0helicew7rwx/gradle-5.4.1/lib/gradle-build-cache-packaging-5.4.1.jar
7fbccd1c5000-7fbccd1ca000 r--s 0001f000 08:11 17305102                   /home/theapache64/.gradle/wrapper/dists/gradle-5.4.1-all/3221gyojl5jsh0helicew7rwx/gradle-5.4.1/lib/gradle-execution-5.4.1.jar
7fbccd1ca000-7fbccd1ce000 r--s 0001a000 08:11 17305106                   /home/theapache64/.gradle/wrapper/dists/gradle-5.4.1-all/3221gyojl5jsh0helicew7rwx/gradle-5.4.1/lib/gradle-files-5.4.1.jar
7fbccd1ce000-7fbccd1d3000 r--s 00026000 08:11 17305105                   /home/theapache64/.gradle/wrapper/dists/gradle-5.4.1-all/3221gyojl5jsh0helicew7rwx/gradle-5.4.1/lib/gradle-snapshots-5.4.1.jar
7fbccd1d3000-7fbccd1d8000 r--s 00015000 08:11 17305113                   /home/theapache64/.gradle/wrapper/dists/gradle-5.4.1-all/3221gyojl5jsh0helicew7rwx/gradle-5.4.1/lib/gradle-resources-5.4.1.jar
7fbccd1d8000-7fbccd1df000 r--s 00036000 08:11 17305110                   /home/theapache64/.gradle/wrapper/dists/gradle-5.4.1-all/3221gyojl5jsh0helicew7rwx/gradle-5.4.1/lib/gradle-persistent-cache-5.4.1.jar
7fbccd1df000-7fbccd1e0000 r--s 00003000 08:11 17305118                   /home/theapache64/.gradle/wrapper/dists/gradle-5.4.1-all/3221gyojl5jsh0helicew7rwx/gradle-5.4.1/lib/gradle-build-option-5.4.1.jar
7fbccd1e0000-7fbccd1e2000 r--s 00005000 08:11 17305119                   /home/theapache64/.gradle/wrapper/dists/gradle-5.4.1-all/3221gyojl5jsh0helicew7rwx/gradle-5.4.1/lib/gradle-cli-5.4.1.jar
7fbccd1e2000-7fbccd1e4000 r--s 00004000 08:11 17305130                   /home/theapache64/.gradle/wrapper/dists/gradle-5.4.1-all/3221gyojl5jsh0helicew7rwx/gradle-5.4.1/lib/log4j-over-slf4j-1.7.25.jar
7fbccd1e4000-7fbccd1e6000 r--s 00000000 08:11 17305129                   /home/theapache64/.gradle/wrapper/dists/gradle-5.4.1-all/3221gyojl5jsh0helicew7rwx/gradle-5.4.1/lib/jul-to-slf4j-1.7.25.jar
7fbccd1e6000-7fbccd1e8000 r--s 00003000 08:11 17305128                   /home/theapache64/.gradle/wrapper/dists/gradle-5.4.1-all/3221gyojl5jsh0helicew7rwx/gradle-5.4.1/lib/jcl-over-slf4j-1.7.25.jar
7fbccd1e8000-7fbccd1f0000 r--s 00038000 08:11 17305111                   /home/theapache64/.gradle/wrapper/dists/gradle-5.4.1-all/3221gyojl5jsh0helicew7rwx/gradle-5.4.1/lib/gradle-logging-5.4.1.jar
7fbccd1f0000-7fbccd205000 r--s 000c1000 08:11 17305108                   /home/theapache64/.gradle/wrapper/dists/gradle-5.4.1-all/3221gyojl5jsh0helicew7rwx/gradle-5.4.1/lib/gradle-model-core-5.4.1.jar
7fbccd205000-7fbccd207000 r--s 00006000 08:11 17305115                   /home/theapache64/.gradle/wrapper/dists/gradle-5.4.1-all/3221gyojl5jsh0helicew7rwx/gradle-5.4.1/lib/gradle-base-services-groovy-5.4.1.jar
7fbccd207000-7fbccd209000 r--s 00007000 08:11 17305107                   /home/theapache64/.gradle/wrapper/dists/gradle-5.4.1-all/3221gyojl5jsh0helicew7rwx/gradle-5.4.1/lib/gradle-model-groovy-5.4.1.jar
7fbccd209000-7fbccd20a000 r--s 00007000 08:11 17305120                   /home/theapache64/.gradle/wrapper/dists/gradle-5.4.1-all/3221gyojl5jsh0helicew7rwx/gradle-5.4.1/lib/gradle-docs-5.4.1.jar
7fbccd20a000-7fbccd213000 r--s 0002d000 08:11 17305144                   /home/theapache64/.gradle/wrapper/dists/gradle-5.4.1-all/3221gyojl5jsh0helicew7rwx/gradle-5.4.1/lib/xml-apis-1.4.01.jar
7fbccd213000-7fbccd214000 r--s 00000000 08:11 17305141                   /home/theapache64/.gradle/wrapper/dists/gradle-5.4.1-all/3221gyojl5jsh0helicew7rwx/gradle-5.4.1/lib/javax.inject-1.jar
7fbccd214000-7fbccd299000 r--s 007a7000 08:11 17305139                   /home/theapache64/.gradle/wrapper/dists/gradle-5.4.1-all/3221gyojl5jsh0helicew7rwx/gradle-5.4.1/lib/groovy-all-1.0-2.5.4.jar
7fbccd299000-7fbccd2a4000 r--s 00086000 08:11 17305143                   /home/theapache64/.gradle/wrapper/dists/gradle-5.4.1-all/3221gyojl5jsh0helicew7rwx/gradle-5.4.1/lib/commons-compress-1.18.jar
7fbccd2a4000-7fbccd2a6000 r--s 00007000 08:11 17305123                   /home/theapache64/.gradle/wrapper/dists/gradle-5.4.1-all/3221gyojl5jsh0helicew7rwx/gradle-5.4.1/lib/asm-analysis-7.0.jar
7fbccd2a6000-7fbccd2a8000 r--s 0000b000 08:11 17305124                   /home/theapache64/.gradle/wrapper/dists/gradle-5.4.1-all/3221gyojl5jsh0helicew7rwx/gradle-5.4.1/lib/asm-tree-7.0.jar
7fbccd2a8000-7fbccd2aa000 r--s 00012000 08:11 17305122                   /home/theapache64/.gradle/wrapper/dists/gradle-5.4.1-all/3221gyojl5jsh0helicew7rwx/gradle-5.4.1/lib/asm-commons-7.0.jar
7fbccd2aa000-7fbccd2ab000 r--s 00004000 08:11 17305156                   /home/theapache64/.gradle/wrapper/dists/gradle-5.4.1-all/3221gyojl5jsh0helicew7rwx/gradle-5.4.1/lib/native-platform-freebsd-amd64-libcpp-0.17.jar
7fbccd2ab000-7fbccd2ac000 r--s 00004000 08:11 17305157                   /home/theapache64/.gradle/wrapper/dists/gradle-5.4.1-all/3221gyojl5jsh0helicew7rwx/gradle-5.4.1/lib/native-platform-freebsd-amd64-libstdcpp-0.17.jar
7fbccd2ac000-7fbccd2ad000 r--s 00004000 08:11 17305158                   /home/theapache64/.gradle/wrapper/dists/gradle-5.4.1-all/3221gyojl5jsh0helicew7rwx/gradle-5.4.1/lib/native-platform-freebsd-i386-libcpp-0.17.jar
7fbccd2ad000-7fbccd2ae000 r--s 00004000 08:11 17305159                   /home/theapache64/.gradle/wrapper/dists/gradle-5.4.1-all/3221gyojl5jsh0helicew7rwx/gradle-5.4.1/lib/native-platform-freebsd-i386-libstdcpp-0.17.jar
7fbccd2ae000-7fbccd2af000 r--s 00002000 08:11 17305160                   /home/theapache64/.gradle/wrapper/dists/gradle-5.4.1-all/3221gyojl5jsh0helicew7rwx/gradle-5.4.1/lib/native-platform-linux-amd64-0.17.jar
7fbccd2af000-7fbccd2b0000 r--s 00002000 08:11 17305161                   /home/theapache64/.gradle/wrapper/dists/gradle-5.4.1-all/3221gyojl5jsh0helicew7rwx/gradle-5.4.1/lib/native-platform-linux-i386-0.17.jar
7fbccd2b0000-7fbccd2b1000 r--s 00003000 08:11 17305162                   /home/theapache64/.gradle/wrapper/dists/gradle-5.4.1-all/3221gyojl5jsh0helicew7rwx/gradle-5.4.1/lib/native-platform-osx-amd64-0.17.jar
7fbccd2b1000-7fbccd2b2000 r--s 00010000 08:11 17305163                   /home/theapache64/.gradle/wrapper/dists/gradle-5.4.1-all/3221gyojl5jsh0helicew7rwx/gradle-5.4.1/lib/native-platform-windows-amd64-0.17.jar
7fbccd2b2000-7fbccd2b3000 r--s 00010000 08:11 17305164                   /home/theapache64/.gradle/wrapper/dists/gradle-5.4.1-all/3221gyojl5jsh0helicew7rwx/gradle-5.4.1/lib/native-platform-windows-amd64-min-0.17.jar
7fbccd2b3000-7fbccd2b4000 r--s 0000e000 08:11 17305165                   /home/theapache64/.gradle/wrapper/dists/gradle-5.4.1-all/3221gyojl5jsh0helicew7rwx/gradle-5.4.1/lib/native-platform-windows-i386-0.17.jar
7fbccd2b4000-7fbccd2b5000 r--s 0000e000 08:11 17305166                   /home/theapache64/.gradle/wrapper/dists/gradle-5.4.1-all/3221gyojl5jsh0helicew7rwx/gradle-5.4.1/lib/native-platform-windows-i386-min-0.17.jar
7fbccd2b5000-7fbccd2b7000 r--s 00001000 08:11 17305167                   /home/theapache64/.gradle/wrapper/dists/gradle-5.4.1-all/3221gyojl5jsh0helicew7rwx/gradle-5.4.1/lib/native-platform-linux-amd64-ncurses5-0.17.jar
7fbccd2b7000-7fbccd2b8000 r--s 00001000 08:11 17305168                   /home/theapache64/.gradle/wrapper/dists/gradle-5.4.1-all/3221gyojl5jsh0helicew7rwx/gradle-5.4.1/lib/native-platform-linux-amd64-ncurses6-0.17.jar
7fbccd2b8000-7fbccd2bd000 r--s 0001a000 08:11 17305142                   /home/theapache64/.gradle/wrapper/dists/gradle-5.4.1-all/3221gyojl5jsh0helicew7rwx/gradle-5.4.1/lib/native-platform-0.17.jar
7fbccd2bd000-7fbccd2c1000 r--s 00042000 08:11 17305145                   /home/theapache64/.gradle/wrapper/dists/gradle-5.4.1-all/3221gyojl5jsh0helicew7rwx/gradle-5.4.1/lib/jansi-1.17.1.jar
7fbccd2c1000-7fbccd2c5000 r--s 0000c000 08:11 17305114                   /home/theapache64/.gradle/wrapper/dists/gradle-5.4.1-all/3221gyojl5jsh0helicew7rwx/gradle-5.4.1/lib/gradle-native-5.4.1.jar
7fbccd2c5000-7fbccd2cb000 r--s 0004d000 08:11 17305146                   /home/theapache64/.gradle/wrapper/dists/gradle-5.4.1-all/3221gyojl5jsh0helicew7rwx/gradle-5.4.1/lib/kryo-2.24.0.jar
7fbccd2cb000-7fbccd2d2000 r--s 00030000 08:11 17305116                   /home/theapache64/.gradle/wrapper/dists/gradle-5.4.1-all/3221gyojl5jsh0helicew7rwx/gradle-5.4.1/lib/gradle-messaging-5.4.1.jar
7fbccd2d2000-7fbccd302000 r--s 0024b000 08:11 17305136                   /home/theapache64/.gradle/wrapper/dists/gradle-5.4.1-all/3221gyojl5jsh0helicew7rwx/gradle-5.4.1/lib/guava-26.0-android.jar
7fbccd302000-7fbccd33e000 r--s 00203000 08:11 17305100                   /home/theapache64/.gradle/wrapper/dists/gradle-5.4.1-all/3221gyojl5jsh0helicew7rwx/gradle-5.4.1/lib/gradle-core-5.4.1.jar
7fbccd33e000-7fbccd33f000 ---p 00000000 00:00 0 
7fbccd33f000-7fbccd43f000 rw-p 00000000 00:00 0 
7fbccd43f000-7fbccd442000 ---p 00000000 00:00 0 
7fbccd442000-7fbccd540000 rw-p 00000000 00:00 0 
7fbccd540000-7fbccd543000 ---p 00000000 00:00 0 
7fbccd543000-7fbccd641000 rw-p 00000000 00:00 0 
7fbccd641000-7fbcce000000 r--p 00000000 08:11 7346994                    /usr/lib/locale/locale-archive
7fbcce000000-7fbcd1000000 rw-p 00000000 00:00 0 
7fbcd1000000-7fbcd15b0000 rwxp 00000000 00:00 0 
7fbcd15b0000-7fbce0000000 ---p 00000000 00:00 0 
7fbce0000000-7fbce1103000 rw-p 00000000 00:00 0 
7fbce1103000-7fbce4000000 ---p 00000000 00:00 0 
7fbce4000000-7fbce4001000 r--s 00001000 08:11 17305169                   /home/theapache64/.gradle/wrapper/dists/gradle-5.4.1-all/3221gyojl5jsh0helicew7rwx/gradle-5.4.1/lib/native-platform-linux-i386-ncurses5-0.17.jar
7fbce4001000-7fbce4003000 r--s 0000c000 08:11 17305147                   /home/theapache64/.gradle/wrapper/dists/gradle-5.4.1-all/3221gyojl5jsh0helicew7rwx/gradle-5.4.1/lib/objenesis-2.6.jar
7fbce4003000-7fbce4005000 r--s 00000000 08:11 17305153                   /home/theapache64/.gradle/wrapper/dists/gradle-5.4.1-all/3221gyojl5jsh0helicew7rwx/gradle-5.4.1/lib/minlog-1.2.jar
7fbce4005000-7fbce4007000 r--s 00006000 08:11 17305112                   /home/theapache64/.gradle/wrapper/dists/gradle-5.4.1-all/3221gyojl5jsh0helicew7rwx/gradle-5.4.1/lib/gradle-process-services-5.4.1.jar
7fbce4007000-7fbce4009000 r--s 00000000 08:11 17305101                   /home/theapache64/.gradle/wrapper/dists/gradle-5.4.1-all/3221gyojl5jsh0helicew7rwx/gradle-5.4.1/lib/gradle-jvm-services-5.4.1.jar
7fbce4009000-7fbce400b000 r--s 00003000 08:11 17305137                   /home/theapache64/.gradle/wrapper/dists/gradle-5.4.1-all/3221gyojl5jsh0helicew7rwx/gradle-5.4.1/lib/jsr305-3.0.2.jar
7fbce400b000-7fbce4010000 r--s 00041000 08:11 17305127                   /home/theapache64/.gradle/wrapper/dists/gradle-5.4.1-all/3221gyojl5jsh0helicew7rwx/gradle-5.4.1/lib/commons-lang-2.6.jar
7fbce4010000-7fbce402f000 r--s 001da000 08:11 17305140                   /home/theapache64/.gradle/wrapper/dists/gradle-5.4.1-all/3221gyojl5jsh0helicew7rwx/gradle-5.4.1/lib/ant-1.9.13.jar
7fbce402f000-7fbce403e000 r--s 00043000 08:11 17305109                   /home/theapache64/.gradle/wrapper/dists/gradle-5.4.1-all/3221gyojl5jsh0helicew7rwx/gradle-5.4.1/lib/gradle-core-api-5.4.1.jar
7fbce403e000-7fbce404b000 r--s 00067000 08:11 17305117                   /home/theapache64/.gradle/wrapper/dists/gradle-5.4.1-all/3221gyojl5jsh0helicew7rwx/gradle-5.4.1/lib/gradle-base-services-5.4.1.jar
7fbce404b000-7fbce404e000 ---p 00000000 00:00 0 
7fbce404e000-7fbce414c000 rw-p 00000000 00:00 0 
7fbce414c000-7fbce414f000 ---p 00000000 00:00 0 
7fbce414f000-7fbce424d000 rw-p 00000000 00:00 0 
7fbce424d000-7fbce4250000 ---p 00000000 00:00 0 
7fbce4250000-7fbce434e000 rw-p 00000000 00:00 0 
7fbce434e000-7fbce4351000 ---p 00000000 00:00 0 
7fbce4351000-7fbce444f000 rw-p 00000000 00:00 0 
7fbce444f000-7fbce4452000 ---p 00000000 00:00 0 
7fbce4452000-7fbce4550000 rw-p 00000000 00:00 0 
7fbce4550000-7fbce4551000 ---p 00000000 00:00 0 
7fbce4551000-7fbce5632000 rw-p 00000000 00:00 0 
7fbce5632000-7fbce5804000 r--s 03cad000 08:11 20974001                   /opt/android-studio/jre/jre/lib/rt.jar
7fbce5804000-7fbce63d5000 rw-p 00000000 00:00 0 
7fbce63d5000-7fbce63d6000 ---p 00000000 00:00 0 
7fbce63d6000-7fbce64d6000 rw-p 00000000 00:00 0 
7fbce64d6000-7fbce64d7000 ---p 00000000 00:00 0 
7fbce64d7000-7fbce65d7000 rw-p 00000000 00:00 0 
7fbce65d7000-7fbce65d8000 ---p 00000000 00:00 0 
7fbce65d8000-7fbce66d8000 rw-p 00000000 00:00 0 
7fbce66d8000-7fbce66d9000 ---p 00000000 00:00 0 
7fbce66d9000-7fbce6803000 rw-p 00000000 00:00 0 
7fbce6803000-7fbce69d9000 ---p 00000000 00:00 0 
7fbce69d9000-7fbce6a03000 rw-p 00000000 00:00 0 
7fbce6a03000-7fbce6bd9000 ---p 00000000 00:00 0 
7fbce6bd9000-7fbce6bfd000 rw-p 00000000 00:00 0 
7fbce6bfd000-7fbce6cd9000 ---p 00000000 00:00 0 
7fbce6cd9000-7fbce6cf1000 rw-p 00000000 00:00 0 
7fbce6cf1000-7fbce709a000 ---p 00000000 00:00 0 
7fbce709a000-7fbce70a5000 r-xp 00000000 08:11 17175219                   /lib/x86_64-linux-gnu/libnss_files-2.23.so
7fbce70a5000-7fbce72a4000 ---p 0000b000 08:11 17175219                   /lib/x86_64-linux-gnu/libnss_files-2.23.so
7fbce72a4000-7fbce72a5000 r--p 0000a000 08:11 17175219                   /lib/x86_64-linux-gnu/libnss_files-2.23.so
7fbce72a5000-7fbce72a6000 rw-p 0000b000 08:11 17175219                   /lib/x86_64-linux-gnu/libnss_files-2.23.so
7fbce72a6000-7fbce72ac000 rw-p 00000000 00:00 0 
7fbce72ac000-7fbce72b7000 r-xp 00000000 08:11 17175229                   /lib/x86_64-linux-gnu/libnss_nis-2.23.so
7fbce72b7000-7fbce74b6000 ---p 0000b000 08:11 17175229                   /lib/x86_64-linux-gnu/libnss_nis-2.23.so
7fbce74b6000-7fbce74b7000 r--p 0000a000 08:11 17175229                   /lib/x86_64-linux-gnu/libnss_nis-2.23.so
7fbce74b7000-7fbce74b8000 rw-p 0000b000 08:11 17175229                   /lib/x86_64-linux-gnu/libnss_nis-2.23.so
7fbce74b8000-7fbce74ce000 r-xp 00000000 08:11 17175213                   /lib/x86_64-linux-gnu/libnsl-2.23.so
7fbce74ce000-7fbce76cd000 ---p 00016000 08:11 17175213                   /lib/x86_64-linux-gnu/libnsl-2.23.so
7fbce76cd000-7fbce76ce000 r--p 00015000 08:11 17175213                   /lib/x86_64-linux-gnu/libnsl-2.23.so
7fbce76ce000-7fbce76cf000 rw-p 00016000 08:11 17175213                   /lib/x86_64-linux-gnu/libnsl-2.23.so
7fbce76cf000-7fbce76d1000 rw-p 00000000 00:00 0 
7fbce76d1000-7fbce76d9000 r-xp 00000000 08:11 17175215                   /lib/x86_64-linux-gnu/libnss_compat-2.23.so
7fbce76d9000-7fbce78d8000 ---p 00008000 08:11 17175215                   /lib/x86_64-linux-gnu/libnss_compat-2.23.so
7fbce78d8000-7fbce78d9000 r--p 00007000 08:11 17175215                   /lib/x86_64-linux-gnu/libnss_compat-2.23.so
7fbce78d9000-7fbce78da000 rw-p 00008000 08:11 17175215                   /lib/x86_64-linux-gnu/libnss_compat-2.23.so
7fbce78da000-7fbce78e1000 r-xp 00000000 08:11 17175274                   /lib/x86_64-linux-gnu/librt-2.23.so
7fbce78e1000-7fbce7ae0000 ---p 00007000 08:11 17175274                   /lib/x86_64-linux-gnu/librt-2.23.so
7fbce7ae0000-7fbce7ae1000 r--p 00006000 08:11 17175274                   /lib/x86_64-linux-gnu/librt-2.23.so
7fbce7ae1000-7fbce7ae2000 rw-p 00007000 08:11 17175274                   /lib/x86_64-linux-gnu/librt-2.23.so
7fbce7ae2000-7fbce7bea000 r-xp 00000000 08:11 17175190                   /lib/x86_64-linux-gnu/libm-2.23.so
7fbce7bea000-7fbce7de9000 ---p 00108000 08:11 17175190                   /lib/x86_64-linux-gnu/libm-2.23.so
7fbce7de9000-7fbce7dea000 r--p 00107000 08:11 17175190                   /lib/x86_64-linux-gnu/libm-2.23.so
7fbce7dea000-7fbce7deb000 rw-p 00108000 08:11 17175190                   /lib/x86_64-linux-gnu/libm-2.23.so
7fbce7deb000-7fbce8a11000 r-xp 00000000 08:11 20973978                   /opt/android-studio/jre/jre/lib/amd64/server/libjvm.so
7fbce8a11000-7fbce8ae1000 rw-p 00c26000 08:11 20973978                   /opt/android-studio/jre/jre/lib/amd64/server/libjvm.so
7fbce8ae1000-7fbce8b25000 rw-p 00000000 00:00 0 
7fbce8b25000-7fbce8ce5000 r-xp 00000000 08:11 17175120                   /lib/x86_64-linux-gnu/libc-2.23.so
7fbce8ce5000-7fbce8ee5000 ---p 001c0000 08:11 17175120                   /lib/x86_64-linux-gnu/libc-2.23.so
7fbce8ee5000-7fbce8ee9000 r--p 001c0000 08:11 17175120                   /lib/x86_64-linux-gnu/libc-2.23.so
7fbce8ee9000-7fbce8eeb000 rw-p 001c4000 08:11 17175120                   /lib/x86_64-linux-gnu/libc-2.23.so
7fbce8eeb000-7fbce8eef000 rw-p 00000000 00:00 0 
7fbce8eef000-7fbce8ef2000 r-xp 00000000 08:11 17175144                   /lib/x86_64-linux-gnu/libdl-2.23.so
7fbce8ef2000-7fbce90f1000 ---p 00003000 08:11 17175144                   /lib/x86_64-linux-gnu/libdl-2.23.so
7fbce90f1000-7fbce90f2000 r--p 00002000 08:11 17175144                   /lib/x86_64-linux-gnu/libdl-2.23.so
7fbce90f2000-7fbce90f3000 rw-p 00003000 08:11 17175144                   /lib/x86_64-linux-gnu/libdl-2.23.so
7fbce90f3000-7fbce910b000 r-xp 00000000 08:11 17175266                   /lib/x86_64-linux-gnu/libpthread-2.23.so
7fbce910b000-7fbce930a000 ---p 00018000 08:11 17175266                   /lib/x86_64-linux-gnu/libpthread-2.23.so
7fbce930a000-7fbce930b000 r--p 00017000 08:11 17175266                   /lib/x86_64-linux-gnu/libpthread-2.23.so
7fbce930b000-7fbce930c000 rw-p 00018000 08:11 17175266                   /lib/x86_64-linux-gnu/libpthread-2.23.so
7fbce930c000-7fbce9310000 rw-p 00000000 00:00 0 
7fbce9310000-7fbce9336000 r-xp 00000000 08:11 17175092                   /lib/x86_64-linux-gnu/ld-2.23.so
7fbce9336000-7fbce9337000 r--s 00001000 08:11 17305170                   /home/theapache64/.gradle/wrapper/dists/gradle-5.4.1-all/3221gyojl5jsh0helicew7rwx/gradle-5.4.1/lib/native-platform-linux-i386-ncurses6-0.17.jar
7fbce9337000-7fbce933a000 r--s 0001c000 08:11 17305138                   /home/theapache64/.gradle/wrapper/dists/gradle-5.4.1-all/3221gyojl5jsh0helicew7rwx/gradle-5.4.1/lib/fastutil-8.2.1-min.jar
7fbce933a000-7fbce933e000 r--s 00031000 08:11 17305126                   /home/theapache64/.gradle/wrapper/dists/gradle-5.4.1-all/3221gyojl5jsh0helicew7rwx/gradle-5.4.1/lib/commons-io-2.6.jar
7fbce933e000-7fbce9340000 r--s 0001a000 08:11 17305125                   /home/theapache64/.gradle/wrapper/dists/gradle-5.4.1-all/3221gyojl5jsh0helicew7rwx/gradle-5.4.1/lib/asm-7.0.jar
7fbce9340000-7fbce9342000 r--s 00009000 08:11 17305131                   /home/theapache64/.gradle/wrapper/dists/gradle-5.4.1-all/3221gyojl5jsh0helicew7rwx/gradle-5.4.1/lib/slf4j-api-1.7.25.jar
7fbce9342000-7fbce934f000 r--s 0006d000 08:11 17305094                   /home/theapache64/.gradle/wrapper/dists/gradle-5.4.1-all/3221gyojl5jsh0helicew7rwx/gradle-5.4.1/lib/gradle-launcher-5.4.1.jar
7fbce934f000-7fbce93b6000 rw-p 00000000 00:00 0 
7fbce93b6000-7fbce93d1000 r-xp 00000000 08:11 20973960                   /opt/android-studio/jre/jre/lib/amd64/libzip.so
7fbce93d1000-7fbce93d2000 rw-p 0001a000 08:11 20973960                   /opt/android-studio/jre/jre/lib/amd64/libzip.so
7fbce93d2000-7fbce93fc000 r-xp 00000000 08:11 20973968                   /opt/android-studio/jre/jre/lib/amd64/libjava.so
7fbce93fc000-7fbce93fe000 rw-p 0002a000 08:11 20973968                   /opt/android-studio/jre/jre/lib/amd64/libjava.so
7fbce93fe000-7fbce9401000 ---p 00000000 00:00 0 
7fbce9401000-7fbce9503000 rw-p 00000000 00:00 0 
7fbce9503000-7fbce9519000 r-xp 00000000 08:11 20973859                   /opt/android-studio/jre/lib/amd64/jli/libjli.so
7fbce9519000-7fbce951a000 rw-p 00015000 08:11 20973859                   /opt/android-studio/jre/lib/amd64/jli/libjli.so
7fbce951a000-7fbce951b000 rw-p 00000000 00:00 0 
7fbce951b000-7fbce951c000 r--s 00004000 08:11 17305152                   /home/theapache64/.gradle/wrapper/dists/gradle-5.4.1-all/3221gyojl5jsh0helicew7rwx/gradle-5.4.1/lib/ant-launcher-1.9.13.jar
7fbce951c000-7fbce9524000 rw-s 00000000 08:11 11671342                   /tmp/hsperfdata_theapache64/28146
7fbce9524000-7fbce9525000 rw-p 00000000 00:00 0 
7fbce9525000-7fbce9526000 ---p 00000000 00:00 0 
7fbce9526000-7fbce9533000 r-xp 00000000 08:11 20973956                   /opt/android-studio/jre/jre/lib/amd64/libverify.so
7fbce9533000-7fbce9535000 rw-p 0000c000 08:11 20973956                   /opt/android-studio/jre/jre/lib/amd64/libverify.so
7fbce9535000-7fbce9536000 r--p 00025000 08:11 17175092                   /lib/x86_64-linux-gnu/ld-2.23.so
7fbce9536000-7fbce9537000 rw-p 00026000 08:11 17175092                   /lib/x86_64-linux-gnu/ld-2.23.so
7fbce9537000-7fbce9538000 rw-p 00000000 00:00 0 
7fff22b0c000-7fff22b2d000 rw-p 00000000 00:00 0                          [stack]
7fff22bb6000-7fff22bb9000 r--p 00000000 00:00 0                          [vvar]
7fff22bb9000-7fff22bbb000 r-xp 00000000 00:00 0                          [vdso]
ffffffffff600000-ffffffffff601000 r-xp 00000000 00:00 0                  [vsyscall]

VM Arguments:
jvm_args: -Xmx1536m -Dfile.encoding=UTF-8 -Duser.country=IN -Duser.language=en -Duser.variant 
java_command: org.gradle.launcher.daemon.bootstrap.GradleDaemon 5.4.1
java_class_path (initial): /home/theapache64/.gradle/wrapper/dists/gradle-5.4.1-all/3221gyojl5jsh0helicew7rwx/gradle-5.4.1/lib/gradle-launcher-5.4.1.jar
Launcher Type: SUN_STANDARD

Environment Variables:
PATH=/home/theapache64/bin:/home/theapache64/.local/bin:/usr/local/sbin:/usr/local/bin:/usr/sbin:/usr/bin:/sbin:/bin:/usr/games:/usr/local/games:/snap/bin
SHELL=/bin/bash
DISPLAY=:0

Signal Handlers:
SIGSEGV: [libjvm.so+0xa09650], sa_mask[0]=11111111011111111101111111111110, sa_flags=SA_RESTART|SA_SIGINFO
SIGBUS: [libjvm.so+0xa09650], sa_mask[0]=11111111011111111101111111111110, sa_flags=SA_RESTART|SA_SIGINFO
SIGFPE: [libjvm.so+0x86bc60], sa_mask[0]=11111111011111111101111111111110, sa_flags=SA_RESTART|SA_SIGINFO
SIGPIPE: [libjvm.so+0x86bc60], sa_mask[0]=11111111011111111101111111111110, sa_flags=SA_RESTART|SA_SIGINFO
SIGXFSZ: [libjvm.so+0x86bc60], sa_mask[0]=11111111011111111101111111111110, sa_flags=SA_RESTART|SA_SIGINFO
SIGILL: [libjvm.so+0x86bc60], sa_mask[0]=11111111011111111101111111111110, sa_flags=SA_RESTART|SA_SIGINFO
SIGUSR1: SIG_DFL, sa_mask[0]=00000000000000000000000000000000, sa_flags=none
SIGUSR2: [libjvm.so+0x86bb30], sa_mask[0]=00100000000000000000000000000000, sa_flags=SA_RESTART|SA_SIGINFO
SIGHUP: [libjvm.so+0x86bd20], sa_mask[0]=11111111011111111101111111111110, sa_flags=SA_RESTART|SA_SIGINFO
SIGINT: [libjvm.so+0x86bd20], sa_mask[0]=11111111011111111101111111111110, sa_flags=SA_RESTART|SA_SIGINFO
SIGTERM: [libjvm.so+0x86bd20], sa_mask[0]=11111111011111111101111111111110, sa_flags=SA_RESTART|SA_SIGINFO
SIGQUIT: [libjvm.so+0x86bd20], sa_mask[0]=11111111011111111101111111111110, sa_flags=SA_RESTART|SA_SIGINFO


---------------  S Y S T E M  ---------------

OS:DISTRIB_ID=Ubuntu
DISTRIB_RELEASE=16.04
DISTRIB_CODENAME=xenial
DISTRIB_DESCRIPTION="Ubuntu 16.04.6 LTS"

uname:Linux 4.15.0-60-generic #67~16.04.1-Ubuntu SMP Mon Aug 26 08:57:33 UTC 2019 x86_64
libc:glibc 2.23 NPTL 2.23 
rlimit: STACK 8192k, CORE 0k, NPROC 31274, NOFILE 1048576, AS infinity
load average:2.39 1.33 1.13

/proc/meminfo:
MemTotal:        8066660 kB
MemFree:          102652 kB
MemAvailable:      14340 kB
Buffers:             752 kB
Cached:           119440 kB
SwapCached:          664 kB
Active:          6771772 kB
Inactive:         862580 kB
Active(anon):    6754704 kB
Inactive(anon):   844544 kB
Active(file):      17068 kB
Inactive(file):    18036 kB
Unevictable:          80 kB
Mlocked:              80 kB
SwapTotal:        998396 kB
SwapFree:              0 kB
Dirty:               120 kB
Writeback:            36 kB
AnonPages:       7513880 kB
Mapped:            82860 kB
Shmem:             84804 kB
Slab:             116740 kB
SReclaimable:      59880 kB
SUnreclaim:        56860 kB
KernelStack:       17216 kB
PageTables:        90024 kB
NFS_Unstable:          0 kB
Bounce:                0 kB
WritebackTmp:          0 kB
CommitLimit:     5031724 kB
Committed_AS:   16655640 kB
VmallocTotal:   34359738367 kB
VmallocUsed:           0 kB
VmallocChunk:          0 kB
HardwareCorrupted:     0 kB
AnonHugePages:         0 kB
ShmemHugePages:        0 kB
ShmemPmdMapped:        0 kB
CmaTotal:              0 kB
CmaFree:               0 kB
HugePages_Total:       0
HugePages_Free:        0
HugePages_Rsvd:        0
HugePages_Surp:        0
Hugepagesize:       2048 kB
DirectMap4k:      340404 kB
DirectMap2M:     7946240 kB
DirectMap1G:           0 kB

container (cgroup) information:
container_type: cgroupv1
cpu_cpuset_cpus: 0-3
cpu_memory_nodes: 0
active_processor_count: 4
cpu_quota: -1
cpu_period: 100000
cpu_shares: -1
memory_limit_in_bytes: -1
memory_and_swap_limit_in_bytes: -2
memory_soft_limit_in_bytes: -1
memory_usage_in_bytes: 7820832768
memory_max_usage_in_bytes: 140955648


CPU:total 4 (initial active 4) (4 cores per cpu, 1 threads per core) family 6 model 60 stepping 3, cmov, cx8, fxsr, mmx, sse, sse2, sse3, ssse3, sse4.1, sse4.2, popcnt, avx, avx2, aes, clmul, erms, lzcnt, tsc, tscinvbit, bmi1, bmi2

/proc/cpuinfo:
processor	: 0
vendor_id	: GenuineIntel
cpu family	: 6
model		: 60
model name	: Intel(R) Core(TM) i5-4440S CPU @ 2.80GHz
stepping	: 3
microcode	: 0x27
cpu MHz		: 2893.235
cache size	: 6144 KB
physical id	: 0
siblings	: 4
core id		: 0
cpu cores	: 4
apicid		: 0
initial apicid	: 0
fpu		: yes
fpu_exception	: yes
cpuid level	: 13
wp		: yes
flags		: fpu vme de pse tsc msr pae mce cx8 apic sep mtrr pge mca cmov pat pse36 clflush dts acpi mmx fxsr sse sse2 ss ht tm pbe syscall nx pdpe1gb rdtscp lm constant_tsc arch_perfmon pebs bts rep_good nopl xtopology nonstop_tsc cpuid aperfmperf pni pclmulqdq dtes64 monitor ds_cpl vmx est tm2 ssse3 sdbg fma cx16 xtpr pdcm pcid sse4_1 sse4_2 x2apic movbe popcnt tsc_deadline_timer aes xsave avx f16c rdrand lahf_lm abm cpuid_fault invpcid_single pti ssbd ibrs ibpb stibp tpr_shadow vnmi flexpriority ept vpid fsgsbase tsc_adjust bmi1 avx2 smep bmi2 erms invpcid xsaveopt dtherm ida arat pln pts md_clear flush_l1d
bugs		: cpu_meltdown spectre_v1 spectre_v2 spec_store_bypass l1tf mds swapgs
bogomips	: 5586.96
clflush size	: 64
cache_alignment	: 64
address sizes	: 39 bits physical, 48 bits virtual
power management:

processor	: 1
vendor_id	: GenuineIntel
cpu family	: 6
model		: 60
model name	: Intel(R) Core(TM) i5-4440S CPU @ 2.80GHz
stepping	: 3
microcode	: 0x27
cpu MHz		: 2900.313
cache size	: 6144 KB
physical id	: 0
siblings	: 4
core id		: 1
cpu cores	: 4
apicid		: 2
initial apicid	: 2
fpu		: yes
fpu_exception	: yes
cpuid level	: 13
wp		: yes
flags		: fpu vme de pse tsc msr pae mce cx8 apic sep mtrr pge mca cmov pat pse36 clflush dts acpi mmx fxsr sse sse2 ss ht tm pbe syscall nx pdpe1gb rdtscp lm constant_tsc arch_perfmon pebs bts rep_good nopl xtopology nonstop_tsc cpuid aperfmperf pni pclmulqdq dtes64 monitor ds_cpl vmx est tm2 ssse3 sdbg fma cx16 xtpr pdcm pcid sse4_1 sse4_2 x2apic movbe popcnt tsc_deadline_timer aes xsave avx f16c rdrand lahf_lm abm cpuid_fault invpcid_single pti ssbd ibrs ibpb stibp tpr_shadow vnmi flexpriority ept vpid fsgsbase tsc_adjust bmi1 avx2 smep bmi2 erms invpcid xsaveopt dtherm ida arat pln pts md_clear flush_l1d
bugs		: cpu_meltdown spectre_v1 spectre_v2 spec_store_bypass l1tf mds swapgs
bogomips	: 5586.96
clflush size	: 64
cache_alignment	: 64
address sizes	: 39 bits physical, 48 bits virtual
power management:

processor	: 2
vendor_id	: GenuineIntel
cpu family	: 6
model		: 60
model name	: Intel(R) Core(TM) i5-4440S CPU @ 2.80GHz
stepping	: 3
microcode	: 0x27
cpu MHz		: 2915.638
cache size	: 6144 KB
physical id	: 0
siblings	: 4
core id		: 2
cpu cores	: 4
apicid		: 4
initial apicid	: 4
fpu		: yes
fpu_exception	: yes
cpuid level	: 13
wp		: yes
flags		: fpu vme de pse tsc msr pae mce cx8 apic sep mtrr pge mca cmov pat pse36 clflush dts acpi mmx fxsr sse sse2 ss ht tm pbe syscall nx pdpe1gb rdtscp lm constant_tsc arch_perfmon pebs bts rep_good nopl xtopology nonstop_tsc cpuid aperfmperf pni pclmulqdq dtes64 monitor ds_cpl vmx est tm2 ssse3 sdbg fma cx16 xtpr pdcm pcid sse4_1 sse4_2 x2apic movbe popcnt tsc_deadline_timer aes xsave avx f16c rdrand lahf_lm abm cpuid_fault invpcid_single pti ssbd ibrs ibpb stibp tpr_shadow vnmi flexpriority ept vpid fsgsbase tsc_adjust bmi1 avx2 smep bmi2 erms invpcid xsaveopt dtherm ida arat pln pts md_clear flush_l1d
bugs		: cpu_meltdown spectre_v1 spectre_v2 spec_store_bypass l1tf mds swapgs
bogomips	: 5586.96
clflush size	: 64
cache_alignment	: 64
address sizes	: 39 bits physical, 48 bits virtual
power management:

processor	: 3
vendor_id	: GenuineIntel
cpu family	: 6
model		: 60
model name	: Intel(R) Core(TM) i5-4440S CPU @ 2.80GHz
stepping	: 3
microcode	: 0x27
cpu MHz		: 2900.817
cache size	: 6144 KB
physical id	: 0
siblings	: 4
core id		: 3
cpu cores	: 4
apicid		: 6
initial apicid	: 6
fpu		: yes
fpu_exception	: yes
cpuid level	: 13
wp		: yes
flags		: fpu vme de pse tsc msr pae mce cx8 apic sep mtrr pge mca cmov pat pse36 clflush dts acpi mmx fxsr sse sse2 ss ht tm pbe syscall nx pdpe1gb rdtscp lm constant_tsc arch_perfmon pebs bts rep_good nopl xtopology nonstop_tsc cpuid aperfmperf pni pclmulqdq dtes64 monitor ds_cpl vmx est tm2 ssse3 sdbg fma cx16 xtpr pdcm pcid sse4_1 sse4_2 x2apic movbe popcnt tsc_deadline_timer aes xsave avx f16c rdrand lahf_lm abm cpuid_fault invpcid_single pti ssbd ibrs ibpb stibp tpr_shadow vnmi flexpriority ept vpid fsgsbase tsc_adjust bmi1 avx2 smep bmi2 erms invpcid xsaveopt dtherm ida arat pln pts md_clear flush_l1d
bugs		: cpu_meltdown spectre_v1 spectre_v2 spec_store_bypass l1tf mds swapgs
bogomips	: 5586.96
clflush size	: 64
cache_alignment	: 64
address sizes	: 39 bits physical, 48 bits virtual
power management:



Memory: 4k page, physical 8066660k(102240k free), swap 998396k(0k free)

vm_info: OpenJDK 64-Bit Server VM (25.202-b49-5587405) for linux-amd64 JRE (1.8.0_202-release-1483-b49-5587405), built by "android-build" with gcc 4.8

time: Thu Sep 12 22:48:15 2019
timezone: IST
elapsed time: 9 seconds (0d 0h 0m 9s)

